#
# There is insufficient memory for the Java Runtime Environment to continue.
# Native memory allocation (malloc) failed to allocate 759376 bytes for Chunk::new
# Possible reasons:
#   The system is out of physical RAM or swap space
#   The process is running with CompressedOops enabled, and the Java Heap may be blocking the growth of the native heap
# Possible solutions:
#   Reduce memory load on the system
#   Increase physical memory or swap space
#   Check if swap backing store is full
#   Decrease Java heap size (-Xmx/-Xms)
#   Decrease number of Java threads
#   Decrease Java thread stack sizes (-Xss)
#   Set larger code cache with -XX:ReservedCodeCacheSize=
#   JVM is running with Unscaled Compressed Oops mode in which the Java heap is
#     placed in the first 4GB address space. The Java Heap base address is the
#     maximum limit for the native heap growth. Please use -XX:HeapBaseMinAddress
#     to set the Java Heap base and to place the Java Heap above 4GB virtual address.
# This output file may be truncated or incomplete.
#
#  Out of Memory Error (allocation.cpp:390), pid=16972, tid=0x00000000000022a4
#
# JRE version: Java(TM) SE Runtime Environment (8.0_201-b09) (build 1.8.0_201-b09)
# Java VM: Java HotSpot(TM) 64-Bit Server VM (25.201-b09 mixed mode windows-amd64 compressed oops)
# Failed to write core dump. Minidumps are not enabled by default on client versions of Windows
#

---------------  T H R E A D  ---------------

Current thread (0x00000000169c1800):  JavaThread "C2 CompilerThread1" daemon [_thread_in_native, id=8868, stack(0x0000000018210000,0x0000000018310000)]

Stack: [0x0000000018210000,0x0000000018310000]
[error occurred during error reporting (printing stack bounds), id 0xc0000005]

Native frames: (J=compiled Java code, j=interpreted, Vv=VM code, C=native code)


Current CompileTask:
C2:   4091 1460   !   4       java.net.URLClassLoader$1::run (63 bytes)


---------------  P R O C E S S  ---------------

Java Threads: ( => current thread )
  0x00000000169c8000 JavaThread "Cache worker for journal cache (C:\Users\vgris\.gradle\caches\journal-1)" [_thread_blocked, id=14772, stack(0x000000001b690000,0x000000001b790000)]
  0x00000000169ca000 JavaThread "File lock request listener" [_thread_in_native, id=14684, stack(0x000000001b590000,0x000000001b690000)]
  0x00000000169c5800 JavaThread "Cache worker for file hash cache (C:\Users\vgris\.gradle\caches\5.4.1\fileHashes)" [_thread_blocked, id=7060, stack(0x000000001b490000,0x000000001b590000)]
  0x0000000019cbd800 JavaThread "Thread-9" [_thread_blocked, id=4080, stack(0x000000001b390000,0x000000001b490000)]
  0x0000000019cd3000 JavaThread "Stdin handler" [_thread_blocked, id=18392, stack(0x000000001b290000,0x000000001b390000)]
  0x0000000019cd2000 JavaThread "Asynchronous log dispatcher for DefaultDaemonConnection: socket connection from /127.0.0.1:41040 to /127.0.0.1:41041" [_thread_blocked, id=13096, stack(0x000000001b190000,0x000000001b290000)]
  0x0000000019cde800 JavaThread "Daemon worker" [_thread_in_native, id=15248, stack(0x000000001b090000,0x000000001b190000)]
  0x0000000019cdd800 JavaThread "Cancel handler" [_thread_blocked, id=4048, stack(0x000000001af90000,0x000000001b090000)]
  0x00000000199ce000 JavaThread "Handler for socket connection from /127.0.0.1:41040 to /127.0.0.1:41041" [_thread_in_native, id=11380, stack(0x000000001ac90000,0x000000001ad90000)]
  0x00000000199cb800 JavaThread "Daemon" [_thread_blocked, id=6140, stack(0x000000001ab90000,0x000000001ac90000)]
  0x0000000018c26000 JavaThread "Daemon periodic checks" [_thread_blocked, id=17808, stack(0x000000001aa90000,0x000000001ab90000)]
  0x0000000019ad3800 JavaThread "Incoming local TCP Connector on port 41040" [_thread_in_native, id=17228, stack(0x000000001a840000,0x000000001a940000)]
  0x0000000019aac000 JavaThread "Daemon health stats" [_thread_blocked, id=17524, stack(0x000000001a1e0000,0x000000001a2e0000)]
  0x0000000018448800 JavaThread "Service Thread" daemon [_thread_blocked, id=7096, stack(0x0000000018810000,0x0000000018910000)]
  0x00000000169cb000 JavaThread "C1 CompilerThread2" daemon [_thread_blocked, id=10320, stack(0x0000000018310000,0x0000000018410000)]
=>0x00000000169c1800 JavaThread "C2 CompilerThread1" daemon [_thread_in_native, id=8868, stack(0x0000000018210000,0x0000000018310000)]
  0x00000000169bb000 JavaThread "C2 CompilerThread0" daemon [_thread_in_native, id=7048, stack(0x0000000018110000,0x0000000018210000)]
  0x00000000169b8800 JavaThread "Attach Listener" daemon [_thread_blocked, id=15500, stack(0x0000000018010000,0x0000000018110000)]
  0x00000000169b7000 JavaThread "Signal Dispatcher" daemon [_thread_blocked, id=352, stack(0x0000000017f10000,0x0000000018010000)]
  0x000000000303d000 JavaThread "Finalizer" daemon [_thread_blocked, id=18252, stack(0x0000000017c00000,0x0000000017d00000)]
  0x0000000003034800 JavaThread "Reference Handler" daemon [_thread_blocked, id=16504, stack(0x0000000017b00000,0x0000000017c00000)]
  0x0000000002f42800 JavaThread "main" [_thread_blocked, id=10168, stack(0x0000000001690000,0x0000000001790000)]

Other Threads:
  0x0000000016977800 VMThread [stack: 0x0000000017a00000,0x0000000017b00000] [id=14728]
  0x0000000016a0b800 WatcherThread [stack: 0x0000000018910000,0x0000000018a10000] [id=4032]

VM state:not at safepoint (normal execution)

VM Mutex/Monitor currently owned by a thread: None

heap address: 0x00000000a0000000, size: 1536 MB, Compressed Oops mode: 32-bit
Narrow klass base: 0x0000000000000000, Narrow klass shift: 3
Compressed class space size: 1073741824 Address: 0x0000000100000000

Heap:
 PSYoungGen      total 38400K, used 5588K [0x00000000e0000000, 0x00000000e2a80000, 0x0000000100000000)
  eden space 33280K, 1% used [0x00000000e0000000,0x00000000e0079210,0x00000000e2080000)
  from space 5120K, 99% used [0x00000000e2580000,0x00000000e2a7c030,0x00000000e2a80000)
  to   space 5120K, 0% used [0x00000000e2080000,0x00000000e2080000,0x00000000e2580000)
 ParOldGen       total 87552K, used 4934K [0x00000000a0000000, 0x00000000a5580000, 0x00000000e0000000)
  object space 87552K, 5% used [0x00000000a0000000,0x00000000a04d1bb0,0x00000000a5580000)
 Metaspace       used 16238K, capacity 16640K, committed 16896K, reserved 1062912K
  class space    used 2364K, capacity 2514K, committed 2560K, reserved 1048576K

Card table byte_map: [0x0000000012400000,0x0000000012710000] byte_map_base: 0x0000000011f00000

Marking Bits: (ParMarkBitMap*) 0x0000000057bf4ce0
 Begin Bits: [0x0000000012d10000, 0x0000000014510000)
 End Bits:   [0x0000000014510000, 0x0000000015d10000)

Polling page: 0x0000000000ff0000

CodeCache: size=245760Kb used=5268Kb max_used=5268Kb free=240491Kb
 bounds [0x0000000003040000, 0x0000000003570000, 0x0000000012040000]
 total_blobs=1927 nmethods=1531 adapters=308
 compilation: enabled

Compilation events (10 events):
Event: 4.039 Thread 0x00000000169cb000 1533       3       sun.misc.ProxyGenerator$ConstantPool::getMethodRef (33 bytes)
Event: 4.040 Thread 0x00000000169cb000 nmethod 1533 0x0000000003563750 code [0x00000000035639e0, 0x0000000003564788]
Event: 4.040 Thread 0x00000000169cb000 1536       3       sun.misc.ProxyGenerator::dotToSlash (9 bytes)
Event: 4.040 Thread 0x00000000169cb000 nmethod 1536 0x0000000003565290 code [0x0000000003565400, 0x0000000003565608]
Event: 4.040 Thread 0x00000000169cb000 1534       3       sun.misc.ProxyGenerator::access$900 (5 bytes)
Event: 4.041 Thread 0x00000000169cb000 nmethod 1534 0x00000000035656d0 code [0x0000000003565840, 0x0000000003565aa8]
Event: 4.041 Thread 0x00000000169cb000 1537       1       com.google.common.collect.RegularImmutableList::size (5 bytes)
Event: 4.041 Thread 0x00000000169cb000 nmethod 1537 0x0000000003565b90 code [0x0000000003565ce0, 0x0000000003565df0]
Event: 4.062 Thread 0x00000000169cb000 1538       3       java.lang.Package::<init> (56 bytes)
Event: 4.062 Thread 0x00000000169cb000 nmethod 1538 0x0000000003566090 code [0x00000000035661e0, 0x0000000003566450]

GC Heap History (8 events):
Event: 1.244 GC heap before
{Heap before GC invocations=1 (full 0):
 PSYoungGen      total 38400K, used 33280K [0x00000000e0000000, 0x00000000e2a80000, 0x0000000100000000)
  eden space 33280K, 100% used [0x00000000e0000000,0x00000000e2080000,0x00000000e2080000)
  from space 5120K, 0% used [0x00000000e2580000,0x00000000e2580000,0x00000000e2a80000)
  to   space 5120K, 0% used [0x00000000e2080000,0x00000000e2080000,0x00000000e2580000)
 ParOldGen       total 87552K, used 0K [0x00000000a0000000, 0x00000000a5580000, 0x00000000e0000000)
  object space 87552K, 0% used [0x00000000a0000000,0x00000000a0000000,0x00000000a5580000)
 Metaspace       used 7007K, capacity 7226K, committed 7424K, reserved 1056768K
  class space    used 880K, capacity 942K, committed 1024K, reserved 1048576K
Event: 1.251 GC heap after
Heap after GC invocations=1 (full 0):
 PSYoungGen      total 38400K, used 4262K [0x00000000e0000000, 0x00000000e2a80000, 0x0000000100000000)
  eden space 33280K, 0% used [0x00000000e0000000,0x00000000e0000000,0x00000000e2080000)
  from space 5120K, 83% used [0x00000000e2080000,0x00000000e24a9b30,0x00000000e2580000)
  to   space 5120K, 0% used [0x00000000e2580000,0x00000000e2580000,0x00000000e2a80000)
 ParOldGen       total 87552K, used 8K [0x00000000a0000000, 0x00000000a5580000, 0x00000000e0000000)
  object space 87552K, 0% used [0x00000000a0000000,0x00000000a0002000,0x00000000a5580000)
 Metaspace       used 7007K, capacity 7226K, committed 7424K, reserved 1056768K
  class space    used 880K, capacity 942K, committed 1024K, reserved 1048576K
}
Event: 1.692 GC heap before
{Heap before GC invocations=2 (full 0):
 PSYoungGen      total 38400K, used 37542K [0x00000000e0000000, 0x00000000e2a80000, 0x0000000100000000)
  eden space 33280K, 100% used [0x00000000e0000000,0x00000000e2080000,0x00000000e2080000)
  from space 5120K, 83% used [0x00000000e2080000,0x00000000e24a9b30,0x00000000e2580000)
  to   space 5120K, 0% used [0x00000000e2580000,0x00000000e2580000,0x00000000e2a80000)
 ParOldGen       total 87552K, used 8K [0x00000000a0000000, 0x00000000a5580000, 0x00000000e0000000)
  object space 87552K, 0% used [0x00000000a0000000,0x00000000a0002000,0x00000000a5580000)
 Metaspace       used 8986K, capacity 9236K, committed 9600K, reserved 1056768K
  class space    used 1202K, capacity 1288K, committed 1408K, reserved 1048576K
Event: 1.697 GC heap after
Heap after GC invocations=2 (full 0):
 PSYoungGen      total 38400K, used 4497K [0x00000000e0000000, 0x00000000e2a80000, 0x0000000100000000)
  eden space 33280K, 0% used [0x00000000e0000000,0x00000000e0000000,0x00000000e2080000)
  from space 5120K, 87% used [0x00000000e2580000,0x00000000e29e45b0,0x00000000e2a80000)
  to   space 5120K, 0% used [0x00000000e2080000,0x00000000e2080000,0x00000000e2580000)
 ParOldGen       total 87552K, used 16K [0x00000000a0000000, 0x00000000a5580000, 0x00000000e0000000)
  object space 87552K, 0% used [0x00000000a0000000,0x00000000a0004000,0x00000000a5580000)
 Metaspace       used 8986K, capacity 9236K, committed 9600K, reserved 1056768K
  class space    used 1202K, capacity 1288K, committed 1408K, reserved 1048576K
}
Event: 3.424 GC heap before
{Heap before GC invocations=3 (full 0):
 PSYoungGen      total 38400K, used 37777K [0x00000000e0000000, 0x00000000e2a80000, 0x0000000100000000)
  eden space 33280K, 100% used [0x00000000e0000000,0x00000000e2080000,0x00000000e2080000)
  from space 5120K, 87% used [0x00000000e2580000,0x00000000e29e45b0,0x00000000e2a80000)
  to   space 5120K, 0% used [0x00000000e2080000,0x00000000e2080000,0x00000000e2580000)
 ParOldGen       total 87552K, used 16K [0x00000000a0000000, 0x00000000a5580000, 0x00000000e0000000)
  object space 87552K, 0% used [0x00000000a0000000,0x00000000a0004000,0x00000000a5580000)
 Metaspace       used 13323K, capacity 13648K, committed 13824K, reserved 1060864K
  class space    used 1884K, capacity 2024K, committed 2048K, reserved 1048576K
Event: 3.433 GC heap after
Heap after GC invocations=3 (full 0):
 PSYoungGen      total 38400K, used 5097K [0x00000000e0000000, 0x00000000e2a80000, 0x0000000100000000)
  eden space 33280K, 0% used [0x00000000e0000000,0x00000000e0000000,0x00000000e2080000)
  from space 5120K, 99% used [0x00000000e2080000,0x00000000e257a650,0x00000000e2580000)
  to   space 5120K, 0% used [0x00000000e2580000,0x00000000e2580000,0x00000000e2a80000)
 ParOldGen       total 87552K, used 1818K [0x00000000a0000000, 0x00000000a5580000, 0x00000000e0000000)
  object space 87552K, 2% used [0x00000000a0000000,0x00000000a01c69b0,0x00000000a5580000)
 Metaspace       used 13323K, capacity 13648K, committed 13824K, reserved 1060864K
  class space    used 1884K, capacity 2024K, committed 2048K, reserved 1048576K
}
Event: 4.068 GC heap before
{Heap before GC invocations=4 (full 0):
 PSYoungGen      total 38400K, used 38377K [0x00000000e0000000, 0x00000000e2a80000, 0x0000000100000000)
  eden space 33280K, 100% used [0x00000000e0000000,0x00000000e2080000,0x00000000e2080000)
  from space 5120K, 99% used [0x00000000e2080000,0x00000000e257a650,0x00000000e2580000)
  to   space 5120K, 0% used [0x00000000e2580000,0x00000000e2580000,0x00000000e2a80000)
 ParOldGen       total 87552K, used 1818K [0x00000000a0000000, 0x00000000a5580000, 0x00000000e0000000)
  object space 87552K, 2% used [0x00000000a0000000,0x00000000a01c69b0,0x00000000a5580000)
 Metaspace       used 16177K, capacity 16576K, committed 16896K, reserved 1062912K
  class space    used 2359K, capacity 2514K, committed 2560K, reserved 1048576K
Event: 4.081 GC heap after
Heap after GC invocations=4 (full 0):
 PSYoungGen      total 38400K, used 5104K [0x00000000e0000000, 0x00000000e2a80000, 0x0000000100000000)
  eden space 33280K, 0% used [0x00000000e0000000,0x00000000e0000000,0x00000000e2080000)
  from space 5120K, 99% used [0x00000000e2580000,0x00000000e2a7c030,0x00000000e2a80000)
  to   space 5120K, 0% used [0x00000000e2080000,0x00000000e2080000,0x00000000e2580000)
 ParOldGen       total 87552K, used 4934K [0x00000000a0000000, 0x00000000a5580000, 0x00000000e0000000)
  object space 87552K, 5% used [0x00000000a0000000,0x00000000a04d1bb0,0x00000000a5580000)
 Metaspace       used 16177K, capacity 16576K, committed 16896K, reserved 1062912K
  class space    used 2359K, capacity 2514K, committed 2560K, reserved 1048576K
}

Deoptimization events (10 events):
Event: 2.990 Thread 0x00000000199ce000 Uncommon trap: reason=unstable_if action=reinterpret pc=0x000000000340769c method=java.util.concurrent.ConcurrentHashMap.putVal(Ljava/lang/Object;Ljava/lang/Object;Z)Ljava/lang/Object; @ 206
Event: 3.091 Thread 0x0000000019cde800 Uncommon trap: reason=bimorphic action=maybe_recompile pc=0x00000000032d2638 method=java.util.HashMap.putVal(ILjava/lang/Object;Ljava/lang/Object;ZZ)Ljava/lang/Object; @ 253
Event: 3.091 Thread 0x0000000019cde800 Uncommon trap: reason=bimorphic action=maybe_recompile pc=0x00000000032d2638 method=java.util.HashMap.putVal(ILjava/lang/Object;Ljava/lang/Object;ZZ)Ljava/lang/Object; @ 253
Event: 3.092 Thread 0x0000000019cde800 Uncommon trap: reason=bimorphic action=maybe_recompile pc=0x00000000032d2638 method=java.util.HashMap.putVal(ILjava/lang/Object;Ljava/lang/Object;ZZ)Ljava/lang/Object; @ 253
Event: 3.092 Thread 0x0000000019cde800 Uncommon trap: reason=bimorphic action=maybe_recompile pc=0x00000000032cd920 method=java.util.HashMap.putVal(ILjava/lang/Object;Ljava/lang/Object;ZZ)Ljava/lang/Object; @ 253
Event: 3.435 Thread 0x0000000019cde800 Uncommon trap: reason=class_check action=maybe_recompile pc=0x0000000003323e98 method=java.util.regex.Matcher.match(II)Z @ 86
Event: 3.460 Thread 0x0000000019cde800 Uncommon trap: reason=class_check action=maybe_recompile pc=0x0000000003323e98 method=java.util.regex.Matcher.match(II)Z @ 86
Event: 3.461 Thread 0x0000000019cde800 Uncommon trap: reason=class_check action=maybe_recompile pc=0x0000000003323e98 method=java.util.regex.Matcher.match(II)Z @ 86
Event: 3.461 Thread 0x0000000019cde800 Uncommon trap: reason=class_check action=maybe_recompile pc=0x00000000032dbadc method=java.util.regex.Matcher.match(II)Z @ 86
Event: 3.889 Thread 0x0000000019cde800 Uncommon trap: reason=unstable_if action=reinterpret pc=0x00000000033fcdb4 method=java.lang.String.lastIndexOf([CII[CIII)I @ 66

Classes redefined (0 events):
No events

Internal exceptions (10 events):
Event: 1.682 Thread 0x0000000002f42800 Exception <a 'java/lang/NoSuchFieldError': method resolution failed> (0x00000000e2044028) thrown at [C:\re\workspace\8-2-build-windows-amd64-cygwin\jdk8u201\12322\hotspot\src\share\vm\prims\methodHandles.cpp, line 1167]
Event: 1.684 Thread 0x0000000002f42800 Exception <a 'java/lang/NoSuchFieldError': method resolution failed> (0x00000000e2051dd8) thrown at [C:\re\workspace\8-2-build-windows-amd64-cygwin\jdk8u201\12322\hotspot\src\share\vm\prims\methodHandles.cpp, line 1167]
Event: 2.805 Thread 0x0000000002f42800 Exception <a 'java/io/IOException'> (0x00000000e0865eb8) thrown at [C:\re\workspace\8-2-build-windows-amd64-cygwin\jdk8u201\12322\hotspot\src\share\vm\prims\jni.cpp, line 709]
Event: 2.992 Thread 0x00000000199ce000 Exception <a 'java/lang/NoSuchMethodError': <clinit>> (0x00000000e0a74f30) thrown at [C:\re\workspace\8-2-build-windows-amd64-cygwin\jdk8u201\12322\hotspot\src\share\vm\prims\jni.cpp, line 1613]
Event: 2.994 Thread 0x00000000199ce000 Exception <a 'java/lang/NoSuchMethodError': <clinit>> (0x00000000e0a7ece0) thrown at [C:\re\workspace\8-2-build-windows-amd64-cygwin\jdk8u201\12322\hotspot\src\share\vm\prims\jni.cpp, line 1613]
Event: 2.997 Thread 0x00000000199ce000 Exception <a 'java/lang/NoSuchMethodError': <clinit>> (0x00000000e0a92e90) thrown at [C:\re\workspace\8-2-build-windows-amd64-cygwin\jdk8u201\12322\hotspot\src\share\vm\prims\jni.cpp, line 1613]
Event: 3.013 Thread 0x00000000199ce000 Exception <a 'java/lang/NoSuchMethodError': <clinit>> (0x00000000e0aede58) thrown at [C:\re\workspace\8-2-build-windows-amd64-cygwin\jdk8u201\12322\hotspot\src\share\vm\prims\jni.cpp, line 1613]
Event: 3.025 Thread 0x00000000199ce000 Exception <a 'java/lang/NoSuchMethodError': <clinit>> (0x00000000e0b25af8) thrown at [C:\re\workspace\8-2-build-windows-amd64-cygwin\jdk8u201\12322\hotspot\src\share\vm\prims\jni.cpp, line 1613]
Event: 3.035 Thread 0x00000000199ce000 Exception <a 'java/lang/NoSuchMethodError': <clinit>> (0x00000000e0b5bc48) thrown at [C:\re\workspace\8-2-build-windows-amd64-cygwin\jdk8u201\12322\hotspot\src\share\vm\prims\jni.cpp, line 1613]
Event: 3.037 Thread 0x00000000199ce000 Exception <a 'java/lang/NoSuchMethodError': <clinit>> (0x00000000e0b676c0) thrown at [C:\re\workspace\8-2-build-windows-amd64-cygwin\jdk8u201\12322\hotspot\src\share\vm\prims\jni.cpp, line 1613]

Events (10 events):
Event: 4.068 loading class org/objectweb/asm/SymbolTable
Event: 4.068 loading class org/objectweb/asm/SymbolTable done
Event: 4.068 Executing VM operation: ParallelGCFailedAllocation
Event: 4.081 Executing VM operation: ParallelGCFailedAllocation done
Event: 4.083 loading class org/objectweb/asm/Symbol
Event: 4.083 loading class org/objectweb/asm/Symbol done
Event: 4.083 loading class org/objectweb/asm/SymbolTable$Entry
Event: 4.083 loading class org/objectweb/asm/SymbolTable$Entry done
Event: 4.086 loading class org/objectweb/asm/ByteVector
Event: 4.086 loading class org/objectweb/asm/ByteVector done


Dynamic libraries:
0x00007ff614dc0000 - 0x00007ff614df7000 	C:\Program Files\Java\jdk1.8.0_201\bin\java.exe
0x00007ff8ba660000 - 0x00007ff8ba850000 	C:\WINDOWS\SYSTEM32\ntdll.dll
0x00007ff8b9050000 - 0x00007ff8b9102000 	C:\WINDOWS\System32\KERNEL32.DLL
0x00007ff8b79f0000 - 0x00007ff8b7c93000 	C:\WINDOWS\System32\KERNELBASE.dll
0x00007ff8b9110000 - 0x00007ff8b91b3000 	C:\WINDOWS\System32\ADVAPI32.dll
0x00007ff8b9f70000 - 0x00007ff8ba00e000 	C:\WINDOWS\System32\msvcrt.dll
0x00007ff8b9d60000 - 0x00007ff8b9df7000 	C:\WINDOWS\System32\sechost.dll
0x00007ff8ba1c0000 - 0x00007ff8ba2e0000 	C:\WINDOWS\System32\RPCRT4.dll
0x00007ff8b8e80000 - 0x00007ff8b9014000 	C:\WINDOWS\System32\USER32.dll
0x00007ff8b7870000 - 0x00007ff8b7891000 	C:\WINDOWS\System32\win32u.dll
0x00007ff8b9020000 - 0x00007ff8b9046000 	C:\WINDOWS\System32\GDI32.dll
0x00007ff8b76a0000 - 0x00007ff8b7834000 	C:\WINDOWS\System32\gdi32full.dll
0x00007ff8b8670000 - 0x00007ff8b870e000 	C:\WINDOWS\System32\msvcp_win.dll
0x00007ff8b7d80000 - 0x00007ff8b7e7a000 	C:\WINDOWS\System32\ucrtbase.dll
0x00007ff8aa960000 - 0x00007ff8aabe5000 	C:\WINDOWS\WinSxS\amd64_microsoft.windows.common-controls_6595b64144ccf1df_6.0.18362.592_none_e6c0b1911312be02\COMCTL32.dll
0x00007ff8b98a0000 - 0x00007ff8b9bd6000 	C:\WINDOWS\System32\combase.dll
0x00007ff8b7ca0000 - 0x00007ff8b7d20000 	C:\WINDOWS\System32\bcryptPrimitives.dll
0x00007ff8b91c0000 - 0x00007ff8b91ee000 	C:\WINDOWS\System32\IMM32.DLL
0x0000000057c80000 - 0x0000000057d51000 	C:\Program Files\Java\jdk1.8.0_201\jre\bin\msvcr100.dll
0x00000000573d0000 - 0x0000000057c74000 	C:\Program Files\Java\jdk1.8.0_201\jre\bin\server\jvm.dll
0x00007ff8ba610000 - 0x00007ff8ba618000 	C:\WINDOWS\System32\PSAPI.DLL
0x00007ff88de10000 - 0x00007ff88de19000 	C:\WINDOWS\SYSTEM32\WSOCK32.dll
0x00007ff8b9330000 - 0x00007ff8b939f000 	C:\WINDOWS\System32\WS2_32.dll
0x00007ff8b6030000 - 0x00007ff8b603a000 	C:\WINDOWS\SYSTEM32\VERSION.dll
0x00007ff8b5240000 - 0x00007ff8b5264000 	C:\WINDOWS\SYSTEM32\WINMM.dll
0x00007ff8b51e0000 - 0x00007ff8b520d000 	C:\WINDOWS\SYSTEM32\WINMMBASE.dll
0x00007ff8b8620000 - 0x00007ff8b866a000 	C:\WINDOWS\System32\cfgmgr32.dll
0x00007ff8b60f0000 - 0x00007ff8b60ff000 	C:\Program Files\Java\jdk1.8.0_201\jre\bin\verify.dll
0x00007ff8b19d0000 - 0x00007ff8b19f9000 	C:\Program Files\Java\jdk1.8.0_201\jre\bin\java.dll
0x00007ff8afef0000 - 0x00007ff8aff06000 	C:\Program Files\Java\jdk1.8.0_201\jre\bin\zip.dll
0x00007ff8b8710000 - 0x00007ff8b8df5000 	C:\WINDOWS\System32\SHELL32.dll
0x00007ff8b9c50000 - 0x00007ff8b9cf9000 	C:\WINDOWS\System32\shcore.dll
0x00007ff8b7e80000 - 0x00007ff8b85ff000 	C:\WINDOWS\System32\windows.storage.dll
0x00007ff8b75d0000 - 0x00007ff8b75ef000 	C:\WINDOWS\System32\profapi.dll
0x00007ff8b7580000 - 0x00007ff8b75ca000 	C:\WINDOWS\System32\powrprof.dll
0x00007ff8b7530000 - 0x00007ff8b7540000 	C:\WINDOWS\System32\UMPDC.dll
0x00007ff8ba0e0000 - 0x00007ff8ba132000 	C:\WINDOWS\System32\shlwapi.dll
0x00007ff8b7540000 - 0x00007ff8b7551000 	C:\WINDOWS\System32\kernel.appcore.dll
0x00007ff8b8600000 - 0x00007ff8b8617000 	C:\WINDOWS\System32\cryptsp.dll
0x00007ff8ab290000 - 0x00007ff8ab2aa000 	C:\Program Files\Java\jdk1.8.0_201\jre\bin\net.dll
0x00007ff8ab940000 - 0x00007ff8abb16000 	C:\WINDOWS\SYSTEM32\urlmon.dll
0x00007ff8ab690000 - 0x00007ff8ab936000 	C:\WINDOWS\SYSTEM32\iertutil.dll
0x00007ff8b6f70000 - 0x00007ff8b6f7c000 	C:\WINDOWS\SYSTEM32\CRYPTBASE.DLL
0x00007ff8b6da0000 - 0x00007ff8b6e07000 	C:\WINDOWS\system32\mswsock.dll
0x00007ff8ab270000 - 0x00007ff8ab281000 	C:\Program Files\Java\jdk1.8.0_201\jre\bin\nio.dll
0x00007ff8b3aa0000 - 0x00007ff8b3ac6000 	C:\Users\vgris\.gradle\native\29\windows-amd64\native-platform.dll
0x00007ff8b5fe0000 - 0x00007ff8b5fed000 	C:\Program Files\Java\jdk1.8.0_201\jre\bin\management.dll
0x00007ff8b6910000 - 0x00007ff8b6943000 	C:\WINDOWS\system32\rsaenh.dll
0x00007ff8b7840000 - 0x00007ff8b7866000 	C:\WINDOWS\System32\bcrypt.dll
0x00007ff8b7420000 - 0x00007ff8b7445000 	C:\WINDOWS\SYSTEM32\USERENV.dll
0x00007ff8b6ab0000 - 0x00007ff8b6aea000 	C:\WINDOWS\SYSTEM32\IPHLPAPI.DLL
0x00007ff8b9c40000 - 0x00007ff8b9c48000 	C:\WINDOWS\System32\NSI.dll
0x00007ff8af010000 - 0x00007ff8af026000 	C:\WINDOWS\SYSTEM32\dhcpcsvc6.DLL
0x00007ff8aed50000 - 0x00007ff8aed6c000 	C:\WINDOWS\SYSTEM32\dhcpcsvc.DLL
0x00007ff8b6af0000 - 0x00007ff8b6bba000 	C:\WINDOWS\SYSTEM32\DNSAPI.dll

VM Arguments:
jvm_args: -Xmx1536m -Dfile.encoding=windows-1251 -Duser.country=RU -Duser.language=ru -Duser.variant 
java_command: org.gradle.launcher.daemon.bootstrap.GradleDaemon 5.4.1
java_class_path (initial): C:\Users\vgris\.gradle\wrapper\dists\gradle-5.4.1-all\3221gyojl5jsh0helicew7rwx\gradle-5.4.1\lib\gradle-launcher-5.4.1.jar
Launcher Type: SUN_STANDARD

Environment Variables:
CLASSPATH=.;E:\Programs\IBM\java\db2java.zip;E:\Programs\IBM\java\db2jcc.jar;E:\Programs\IBM\java\sqlj.zip;E:\Programs\IBM\java\db2jcc_license_cu.jar;E:\Programs\IBM\bin;E:\Programs\IBM\java\common.jar
PATH=C:\Program Files (x86)\Embarcadero\Studio\20.0\bin;C:\Users\Public\Documents\Embarcadero\Studio\20.0\Bpl;C:\Program Files (x86)\Embarcadero\Studio\20.0\bin64;C:\Users\Public\Documents\Embarcadero\Studio\20.0\Bpl\Win64;C:\Program Files (x86)\Common Files\Oracle\Java\javapath;C:\WINDOWS\system32;C:\WINDOWS;C:\WINDOWS\System32\Wbem;C:\WINDOWS\System32\WindowsPowerShell\v1.0\;C:\WINDOWS\System32\OpenSSH\;C:\Program Files (x86)\ATI Technologies\ATI.ACE\Core-Static;C:\Program Files\dotnet\;C:\Program Files\Git\cmd;C:\Program Files\Java\jdk1.8.0_201\bin;C:\Program Files (x86)\AMD\ATI.ACE\Core-Static;D:\Games\Putty\;C:\Program Files\Intel\WiFi\bin\;C:\Program Files\Common Files\Intel\WirelessCommon\;C:\Program Files (x86)\Microsoft SQL Server\150\DTS\Binn\;C:\Program Files (x86)\GtkSharp\2.12\bin;C:\Program Files\ibm\gsk8\lib64;C:\Program Files (x86)\ibm\gsk8\lib;E:\Programs\IBM\BIN;E:\Programs\IBM\FUNCTION;E:\Programs\IBM\SAMPLES\REPL;C:\Program Files (x86)\Common Files\Acronis\SnapAPI\;C:\Users\vgris\AppData\Local\Programs\Python\Python37-32\Scripts\;C:\Users\vgris\AppData\Local\Programs\Python\Python37-32\;C:\Users\vgris\AppData\Local\Microsoft\WindowsApps;C:\Users\vgris\AppData\Local\atom\bin;C:\Users\vgris\AppData\Local\GitHubDesktop\bin;C:\Users\vgris\.dotnet\tools;D:\Games\IntelliJ IDEA\IntelliJ IDEA Community Edition 2018.3.4\bin;;C:\Program Files\Intel\WiFi\bin\;C:\Program Files\Common Files\Intel\WirelessCommon\;C:\Users\vgris\AppData\Local\Microsoft\WindowsApps;
USERNAME=vgris
OS=Windows_NT
PROCESSOR_IDENTIFIER=Intel64 Family 6 Model 60 Stepping 3, GenuineIntel



---------------  S Y S T E M  ---------------

OS: Windows 10.0 , 64 bit Build 18362 (10.0.18362.329)

CPU:total 4 (initial active 4) (2 cores per cpu, 2 threads per core) family 6 model 60 stepping 3, cmov, cx8, fxsr, mmx, sse, sse2, sse3, ssse3, sse4.1, sse4.2, popcnt, avx, avx2, aes, clmul, erms, lzcnt, ht, tsc, tscinvbit, bmi1, bmi2

Memory: 4k page, physical 8291792k(1175432k free), swap 8291792k(4096k free)

vm_info: Java HotSpot(TM) 64-Bit Server VM (25.201-b09) for windows-amd64 JRE (1.8.0_201-b09), built on Dec 15 2018 18:36:39 by "java_re" with MS VC++ 10.0 (VS2010)

time: Mon Feb 03 20:51:25 2020
timezone: Финляндия (зима)
elapsed time: 4 seconds (0d 0h 0m 4s)

