#
# There is insufficient memory for the Java Runtime Environment to continue.
# Native memory allocation (malloc) failed to allocate 80896 bytes for Chunk::new
# Possible reasons:
#   The system is out of physical RAM or swap space
#   The process is running with CompressedOops enabled, and the Java Heap may be blocking the growth of the native heap
# Possible solutions:
#   Reduce memory load on the system
#   Increase physical memory or swap space
#   Check if swap backing store is full
#   Decrease Java heap size (-Xmx/-Xms)
#   Decrease number of Java threads
#   Decrease Java thread stack sizes (-Xss)
#   Set larger code cache with -XX:ReservedCodeCacheSize=
#   JVM is running with Unscaled Compressed Oops mode in which the Java heap is
#     placed in the first 4GB address space. The Java Heap base address is the
#     maximum limit for the native heap growth. Please use -XX:HeapBaseMinAddress
#     to set the Java Heap base and to place the Java Heap above 4GB virtual address.
# This output file may be truncated or incomplete.
#
#  Out of Memory Error (allocation.cpp:390), pid=11316, tid=0x0000000000001a00
#
# JRE version: Java(TM) SE Runtime Environment (8.0_201-b09) (build 1.8.0_201-b09)
# Java VM: Java HotSpot(TM) 64-Bit Server VM (25.201-b09 mixed mode windows-amd64 compressed oops)
# Failed to write core dump. Minidumps are not enabled by default on client versions of Windows
#

---------------  T H R E A D  ---------------

Current thread (0x000000001660b000):  JavaThread "C2 CompilerThread0" daemon [_thread_in_native, id=6656, stack(0x0000000017d70000,0x0000000017e70000)]

Stack: [0x0000000017d70000,0x0000000017e70000]
[error occurred during error reporting (printing stack bounds), id 0xc0000005]

Native frames: (J=compiled Java code, j=interpreted, Vv=VM code, C=native code)


Current CompileTask:
C2:   6937 1630       4       java.io.DataOutputStream::writeShort (35 bytes)


---------------  P R O C E S S  ---------------

Java Threads: ( => current thread )
  0x0000000018430000 JavaThread "Cache worker for file hash cache (C:\Users\vgris\Desktop\2019 projects\2048App\.gradle\5.4.1\fileHashes)" [_thread_blocked, id=17628, stack(0x000000001d870000,0x000000001d970000)]
  0x000000001842c000 JavaThread "Cache worker for journal cache (C:\Users\vgris\.gradle\caches\journal-1)" [_thread_blocked, id=16400, stack(0x000000001b2d0000,0x000000001b3d0000)]
  0x000000001842f000 JavaThread "File lock request listener" [_thread_in_native, id=8740, stack(0x000000001b1d0000,0x000000001b2d0000)]
  0x0000000018429000 JavaThread "Cache worker for file hash cache (C:\Users\vgris\.gradle\caches\5.4.1\fileHashes)" [_thread_blocked, id=15980, stack(0x000000001b0d0000,0x000000001b1d0000)]
  0x0000000019896000 JavaThread "Thread-9" [_thread_blocked, id=10408, stack(0x000000001afd0000,0x000000001b0d0000)]
  0x0000000018451800 JavaThread "Stdin handler" [_thread_blocked, id=1276, stack(0x000000001aed0000,0x000000001afd0000)]
  0x000000001844e800 JavaThread "Asynchronous log dispatcher for DefaultDaemonConnection: socket connection from /127.0.0.1:41062 to /127.0.0.1:41063" [_thread_blocked, id=17000, stack(0x000000001add0000,0x000000001aed0000)]
  0x00000000198c9000 JavaThread "Daemon worker" [_thread_in_native, id=14564, stack(0x000000001acd0000,0x000000001add0000)]
  0x00000000198c8800 JavaThread "Cancel handler" [_thread_blocked, id=14828, stack(0x000000001abd0000,0x000000001acd0000)]
  0x000000001825c000 JavaThread "Handler for socket connection from /127.0.0.1:41062 to /127.0.0.1:41063" [_thread_in_native, id=9276, stack(0x000000001a8d0000,0x000000001a9d0000)]
  0x00000000182e2800 JavaThread "Daemon" [_thread_blocked, id=2196, stack(0x000000001a7d0000,0x000000001a8d0000)]
  0x00000000187b1800 JavaThread "Daemon periodic checks" [_thread_blocked, id=7832, stack(0x000000001a6d0000,0x000000001a7d0000)]
  0x000000001830f000 JavaThread "Incoming local TCP Connector on port 41062" [_thread_in_native, id=17232, stack(0x000000001a480000,0x000000001a580000)]
  0x00000000194da800 JavaThread "Daemon health stats" [_thread_blocked, id=10804, stack(0x0000000019e40000,0x0000000019f40000)]
  0x000000001809b800 JavaThread "Service Thread" daemon [_thread_blocked, id=12376, stack(0x0000000018470000,0x0000000018570000)]
  0x0000000016615000 JavaThread "C1 CompilerThread2" daemon [_thread_blocked, id=15620, stack(0x0000000017f70000,0x0000000018070000)]
  0x0000000016612000 JavaThread "C2 CompilerThread1" daemon [_thread_blocked, id=13836, stack(0x0000000017e70000,0x0000000017f70000)]
=>0x000000001660b000 JavaThread "C2 CompilerThread0" daemon [_thread_in_native, id=6656, stack(0x0000000017d70000,0x0000000017e70000)]
  0x0000000016608800 JavaThread "Attach Listener" daemon [_thread_blocked, id=17684, stack(0x0000000017c70000,0x0000000017d70000)]
  0x0000000016604800 JavaThread "Signal Dispatcher" daemon [_thread_blocked, id=6964, stack(0x0000000017b70000,0x0000000017c70000)]
  0x0000000002c8b000 JavaThread "Finalizer" daemon [_thread_blocked, id=944, stack(0x0000000017860000,0x0000000017960000)]
  0x0000000002c82000 JavaThread "Reference Handler" daemon [_thread_blocked, id=11236, stack(0x0000000017760000,0x0000000017860000)]
  0x0000000002b92800 JavaThread "main" [_thread_blocked, id=14916, stack(0x0000000002a90000,0x0000000002b90000)]

Other Threads:
  0x00000000165c7800 VMThread [stack: 0x0000000017660000,0x0000000017760000] [id=15252]
  0x00000000180b8800 WatcherThread [stack: 0x0000000018570000,0x0000000018670000] [id=17724]

VM state:not at safepoint (normal execution)

VM Mutex/Monitor currently owned by a thread: None

heap address: 0x00000000a0000000, size: 1536 MB, Compressed Oops mode: 32-bit
Narrow klass base: 0x0000000000000000, Narrow klass shift: 3
Compressed class space size: 1073741824 Address: 0x0000000100000000

Heap:
 PSYoungGen      total 38400K, used 24597K [0x00000000e0000000, 0x00000000e4b00000, 0x0000000100000000)
  eden space 33280K, 58% used [0x00000000e0000000,0x00000000e13096d0,0x00000000e2080000)
  from space 5120K, 99% used [0x00000000e2580000,0x00000000e2a7c050,0x00000000e2a80000)
  to   space 5120K, 0% used [0x00000000e2080000,0x00000000e2080000,0x00000000e2580000)
 ParOldGen       total 87552K, used 4899K [0x00000000a0000000, 0x00000000a5580000, 0x00000000e0000000)
  object space 87552K, 5% used [0x00000000a0000000,0x00000000a04c8e98,0x00000000a5580000)
 Metaspace       used 17802K, capacity 18210K, committed 18432K, reserved 1064960K
  class space    used 2642K, capacity 2803K, committed 2816K, reserved 1048576K

Card table byte_map: [0x0000000012050000,0x0000000012360000] byte_map_base: 0x0000000011b50000

Marking Bits: (ParMarkBitMap*) 0x0000000057bf4ce0
 Begin Bits: [0x0000000012960000, 0x0000000014160000)
 End Bits:   [0x0000000014160000, 0x0000000015960000)

Polling page: 0x0000000000e40000

CodeCache: size=245760Kb used=5768Kb max_used=5774Kb free=239991Kb
 bounds [0x0000000002c90000, 0x0000000003240000, 0x0000000011c90000]
 total_blobs=2028 nmethods=1627 adapters=313
 compilation: enabled

Compilation events (10 events):
Event: 6.923 Thread 0x0000000016615000 nmethod 1625 0x0000000003230310 code [0x0000000003230480, 0x0000000003230690]
Event: 6.923 Thread 0x0000000016615000 1626       3       java.util.concurrent.locks.AbstractOwnableSynchronizer::<init> (5 bytes)
Event: 6.923 Thread 0x0000000016615000 nmethod 1626 0x000000000322ff10 code [0x0000000003230060, 0x0000000003230210]
Event: 6.923 Thread 0x0000000016612000 1627       4       java.util.WeakHashMap::remove (133 bytes)
Event: 6.926 Thread 0x0000000016615000 1628       3       org.gradle.internal.service.DefaultServiceRegistry::isSatisfiedBy (44 bytes)
Event: 6.927 Thread 0x0000000016615000 nmethod 1628 0x0000000003235810 code [0x00000000032359c0, 0x0000000003236108]
Event: 6.929 Thread 0x0000000016612000 nmethod 1627 0x0000000003232210 code [0x0000000003232360, 0x0000000003232648]
Event: 6.933 Thread 0x0000000016615000 1629       3       sun.misc.ProxyGenerator$ConstantPool::getFieldRef (33 bytes)
Event: 6.933 Thread 0x000000001660b000 1630       4       java.io.DataOutputStream::writeShort (35 bytes)
Event: 6.934 Thread 0x0000000016615000 nmethod 1629 0x0000000003233cd0 code [0x0000000003233f60, 0x0000000003234d08]

GC Heap History (8 events):
Event: 1.980 GC heap before
{Heap before GC invocations=1 (full 0):
 PSYoungGen      total 38400K, used 33280K [0x00000000e0000000, 0x00000000e2a80000, 0x0000000100000000)
  eden space 33280K, 100% used [0x00000000e0000000,0x00000000e2080000,0x00000000e2080000)
  from space 5120K, 0% used [0x00000000e2580000,0x00000000e2580000,0x00000000e2a80000)
  to   space 5120K, 0% used [0x00000000e2080000,0x00000000e2080000,0x00000000e2580000)
 ParOldGen       total 87552K, used 0K [0x00000000a0000000, 0x00000000a5580000, 0x00000000e0000000)
  object space 87552K, 0% used [0x00000000a0000000,0x00000000a0000000,0x00000000a5580000)
 Metaspace       used 7009K, capacity 7226K, committed 7424K, reserved 1056768K
  class space    used 880K, capacity 942K, committed 1024K, reserved 1048576K
Event: 1.993 GC heap after
Heap after GC invocations=1 (full 0):
 PSYoungGen      total 38400K, used 4252K [0x00000000e0000000, 0x00000000e2a80000, 0x0000000100000000)
  eden space 33280K, 0% used [0x00000000e0000000,0x00000000e0000000,0x00000000e2080000)
  from space 5120K, 83% used [0x00000000e2080000,0x00000000e24a7298,0x00000000e2580000)
  to   space 5120K, 0% used [0x00000000e2580000,0x00000000e2580000,0x00000000e2a80000)
 ParOldGen       total 87552K, used 8K [0x00000000a0000000, 0x00000000a5580000, 0x00000000e0000000)
  object space 87552K, 0% used [0x00000000a0000000,0x00000000a0002000,0x00000000a5580000)
 Metaspace       used 7009K, capacity 7226K, committed 7424K, reserved 1056768K
  class space    used 880K, capacity 942K, committed 1024K, reserved 1048576K
}
Event: 2.811 GC heap before
{Heap before GC invocations=2 (full 0):
 PSYoungGen      total 38400K, used 37532K [0x00000000e0000000, 0x00000000e2a80000, 0x0000000100000000)
  eden space 33280K, 100% used [0x00000000e0000000,0x00000000e2080000,0x00000000e2080000)
  from space 5120K, 83% used [0x00000000e2080000,0x00000000e24a7298,0x00000000e2580000)
  to   space 5120K, 0% used [0x00000000e2580000,0x00000000e2580000,0x00000000e2a80000)
 ParOldGen       total 87552K, used 8K [0x00000000a0000000, 0x00000000a5580000, 0x00000000e0000000)
  object space 87552K, 0% used [0x00000000a0000000,0x00000000a0002000,0x00000000a5580000)
 Metaspace       used 8997K, capacity 9238K, committed 9600K, reserved 1056768K
  class space    used 1202K, capacity 1289K, committed 1408K, reserved 1048576K
Event: 2.819 GC heap after
Heap after GC invocations=2 (full 0):
 PSYoungGen      total 38400K, used 4532K [0x00000000e0000000, 0x00000000e2a80000, 0x0000000100000000)
  eden space 33280K, 0% used [0x00000000e0000000,0x00000000e0000000,0x00000000e2080000)
  from space 5120K, 88% used [0x00000000e2580000,0x00000000e29ed3a8,0x00000000e2a80000)
  to   space 5120K, 0% used [0x00000000e2080000,0x00000000e2080000,0x00000000e2580000)
 ParOldGen       total 87552K, used 16K [0x00000000a0000000, 0x00000000a5580000, 0x00000000e0000000)
  object space 87552K, 0% used [0x00000000a0000000,0x00000000a0004000,0x00000000a5580000)
 Metaspace       used 8997K, capacity 9238K, committed 9600K, reserved 1056768K
  class space    used 1202K, capacity 1289K, committed 1408K, reserved 1048576K
}
Event: 4.883 GC heap before
{Heap before GC invocations=3 (full 0):
 PSYoungGen      total 38400K, used 37812K [0x00000000e0000000, 0x00000000e2a80000, 0x0000000100000000)
  eden space 33280K, 100% used [0x00000000e0000000,0x00000000e2080000,0x00000000e2080000)
  from space 5120K, 88% used [0x00000000e2580000,0x00000000e29ed3a8,0x00000000e2a80000)
  to   space 5120K, 0% used [0x00000000e2080000,0x00000000e2080000,0x00000000e2580000)
 ParOldGen       total 87552K, used 16K [0x00000000a0000000, 0x00000000a5580000, 0x00000000e0000000)
  object space 87552K, 0% used [0x00000000a0000000,0x00000000a0004000,0x00000000a5580000)
 Metaspace       used 13364K, capacity 13712K, committed 13824K, reserved 1060864K
  class space    used 1889K, capacity 2024K, committed 2048K, reserved 1048576K
Event: 4.903 GC heap after
Heap after GC invocations=3 (full 0):
 PSYoungGen      total 38400K, used 5094K [0x00000000e0000000, 0x00000000e2a80000, 0x0000000100000000)
  eden space 33280K, 0% used [0x00000000e0000000,0x00000000e0000000,0x00000000e2080000)
  from space 5120K, 99% used [0x00000000e2080000,0x00000000e2579bd0,0x00000000e2580000)
  to   space 5120K, 0% used [0x00000000e2580000,0x00000000e2580000,0x00000000e2a80000)
 ParOldGen       total 87552K, used 1851K [0x00000000a0000000, 0x00000000a5580000, 0x00000000e0000000)
  object space 87552K, 2% used [0x00000000a0000000,0x00000000a01ced48,0x00000000a5580000)
 Metaspace       used 13364K, capacity 13712K, committed 13824K, reserved 1060864K
  class space    used 1889K, capacity 2024K, committed 2048K, reserved 1048576K
}
Event: 6.284 GC heap before
{Heap before GC invocations=4 (full 0):
 PSYoungGen      total 38400K, used 38374K [0x00000000e0000000, 0x00000000e2a80000, 0x0000000100000000)
  eden space 33280K, 100% used [0x00000000e0000000,0x00000000e2080000,0x00000000e2080000)
  from space 5120K, 99% used [0x00000000e2080000,0x00000000e2579bd0,0x00000000e2580000)
  to   space 5120K, 0% used [0x00000000e2580000,0x00000000e2580000,0x00000000e2a80000)
 ParOldGen       total 87552K, used 1851K [0x00000000a0000000, 0x00000000a5580000, 0x00000000e0000000)
  object space 87552K, 2% used [0x00000000a0000000,0x00000000a01ced48,0x00000000a5580000)
 Metaspace       used 16218K, capacity 16640K, committed 16896K, reserved 1062912K
  class space    used 2360K, capacity 2514K, committed 2560K, reserved 1048576K
Event: 6.318 GC heap after
Heap after GC invocations=4 (full 0):
 PSYoungGen      total 38400K, used 5104K [0x00000000e0000000, 0x00000000e4b00000, 0x0000000100000000)
  eden space 33280K, 0% used [0x00000000e0000000,0x00000000e0000000,0x00000000e2080000)
  from space 5120K, 99% used [0x00000000e2580000,0x00000000e2a7c050,0x00000000e2a80000)
  to   space 5120K, 0% used [0x00000000e2080000,0x00000000e2080000,0x00000000e2580000)
 ParOldGen       total 87552K, used 4899K [0x00000000a0000000, 0x00000000a5580000, 0x00000000e0000000)
  object space 87552K, 5% used [0x00000000a0000000,0x00000000a04c8e98,0x00000000a5580000)
 Metaspace       used 16218K, capacity 16640K, committed 16896K, reserved 1062912K
  class space    used 2360K, capacity 2514K, committed 2560K, reserved 1048576K
}

Deoptimization events (10 events):
Event: 4.406 Thread 0x00000000198c9000 Uncommon trap: reason=bimorphic action=maybe_recompile pc=0x0000000002f263b4 method=java.util.HashMap.putVal(ILjava/lang/Object;Ljava/lang/Object;ZZ)Ljava/lang/Object; @ 253
Event: 4.406 Thread 0x00000000198c9000 Uncommon trap: reason=bimorphic action=maybe_recompile pc=0x0000000002f263b4 method=java.util.HashMap.putVal(ILjava/lang/Object;Ljava/lang/Object;ZZ)Ljava/lang/Object; @ 253
Event: 4.406 Thread 0x00000000198c9000 Uncommon trap: reason=bimorphic action=maybe_recompile pc=0x0000000002f21738 method=java.util.HashMap.putVal(ILjava/lang/Object;Ljava/lang/Object;ZZ)Ljava/lang/Object; @ 253
Event: 4.864 Thread 0x00000000198c9000 Uncommon trap: reason=class_check action=maybe_recompile pc=0x0000000002f7c158 method=java.util.regex.Matcher.match(II)Z @ 86
Event: 4.926 Thread 0x00000000198c9000 Uncommon trap: reason=class_check action=maybe_recompile pc=0x0000000002f7c158 method=java.util.regex.Matcher.match(II)Z @ 86
Event: 4.927 Thread 0x00000000198c9000 Uncommon trap: reason=class_check action=maybe_recompile pc=0x0000000002f7c158 method=java.util.regex.Matcher.match(II)Z @ 86
Event: 4.928 Thread 0x00000000198c9000 Uncommon trap: reason=class_check action=maybe_recompile pc=0x0000000002f37a5c method=java.util.regex.Matcher.match(II)Z @ 86
Event: 5.585 Thread 0x00000000198c9000 Uncommon trap: reason=unstable_if action=reinterpret pc=0x00000000030524b4 method=java.lang.String.lastIndexOf([CII[CIII)I @ 66
Event: 6.802 Thread 0x00000000198c9000 Uncommon trap: reason=unstable_if action=reinterpret pc=0x0000000002dfcb48 method=java.net.URI.match(CJJ)Z @ 19
Event: 6.802 Thread 0x00000000198c9000 Uncommon trap: reason=unstable_if action=reinterpret pc=0x0000000002effd40 method=java.net.URI.match(CJJ)Z @ 19

Classes redefined (0 events):
No events

Internal exceptions (10 events):
Event: 2.789 Thread 0x0000000002b92800 Exception <a 'java/lang/NoSuchFieldError': method resolution failed> (0x00000000e203eb90) thrown at [C:\re\workspace\8-2-build-windows-amd64-cygwin\jdk8u201\12322\hotspot\src\share\vm\prims\methodHandles.cpp, line 1167]
Event: 2.797 Thread 0x0000000002b92800 Exception <a 'java/lang/NoSuchFieldError': method resolution failed> (0x00000000e204c920) thrown at [C:\re\workspace\8-2-build-windows-amd64-cygwin\jdk8u201\12322\hotspot\src\share\vm\prims\methodHandles.cpp, line 1167]
Event: 4.267 Thread 0x0000000002b92800 Exception <a 'java/io/IOException'> (0x00000000e0860588) thrown at [C:\re\workspace\8-2-build-windows-amd64-cygwin\jdk8u201\12322\hotspot\src\share\vm\prims\jni.cpp, line 709]
Event: 4.336 Thread 0x000000001825c000 Exception <a 'java/lang/NoSuchMethodError': <clinit>> (0x00000000e0a68930) thrown at [C:\re\workspace\8-2-build-windows-amd64-cygwin\jdk8u201\12322\hotspot\src\share\vm\prims\jni.cpp, line 1613]
Event: 4.337 Thread 0x000000001825c000 Exception <a 'java/lang/NoSuchMethodError': <clinit>> (0x00000000e0a726e0) thrown at [C:\re\workspace\8-2-build-windows-amd64-cygwin\jdk8u201\12322\hotspot\src\share\vm\prims\jni.cpp, line 1613]
Event: 4.340 Thread 0x000000001825c000 Exception <a 'java/lang/NoSuchMethodError': <clinit>> (0x00000000e0a86890) thrown at [C:\re\workspace\8-2-build-windows-amd64-cygwin\jdk8u201\12322\hotspot\src\share\vm\prims\jni.cpp, line 1613]
Event: 4.352 Thread 0x000000001825c000 Exception <a 'java/lang/NoSuchMethodError': <clinit>> (0x00000000e0ae1828) thrown at [C:\re\workspace\8-2-build-windows-amd64-cygwin\jdk8u201\12322\hotspot\src\share\vm\prims\jni.cpp, line 1613]
Event: 4.361 Thread 0x000000001825c000 Exception <a 'java/lang/NoSuchMethodError': <clinit>> (0x00000000e0b194d8) thrown at [C:\re\workspace\8-2-build-windows-amd64-cygwin\jdk8u201\12322\hotspot\src\share\vm\prims\jni.cpp, line 1613]
Event: 4.368 Thread 0x000000001825c000 Exception <a 'java/lang/NoSuchMethodError': <clinit>> (0x00000000e0b4f3f8) thrown at [C:\re\workspace\8-2-build-windows-amd64-cygwin\jdk8u201\12322\hotspot\src\share\vm\prims\jni.cpp, line 1613]
Event: 4.369 Thread 0x000000001825c000 Exception <a 'java/lang/NoSuchMethodError': <clinit>> (0x00000000e0b5ae60) thrown at [C:\re\workspace\8-2-build-windows-amd64-cygwin\jdk8u201\12322\hotspot\src\share\vm\prims\jni.cpp, line 1613]

Events (10 events):
Event: 6.928 loading class org/gradle/configuration/internal/DefaultListenerBuildOperationDecorator$BuildOperationEmittingClosure
Event: 6.928 loading class org/gradle/configuration/internal/DefaultListenerBuildOperationDecorator$BuildOperationEmittingClosure done
Event: 6.930 loading class org/gradle/launcher/exec/InProcessBuildActionExecuter$1
Event: 6.930 loading class org/gradle/launcher/exec/InProcessBuildActionExecuter$1 done
Event: 6.931 loading class org/gradle/internal/invocation/GradleBuildController
Event: 6.931 loading class org/gradle/internal/invocation/GradleBuildController done
Event: 6.931 loading class org/gradle/internal/invocation/BuildController
Event: 6.931 loading class org/gradle/internal/invocation/BuildController done
Event: 6.932 loading class org/gradle/internal/invocation/GradleBuildController$State
Event: 6.932 loading class org/gradle/internal/invocation/GradleBuildController$State done


Dynamic libraries:
0x00007ff614dc0000 - 0x00007ff614df7000 	C:\Program Files\Java\jdk1.8.0_201\bin\java.exe
0x00007ff8ba660000 - 0x00007ff8ba850000 	C:\WINDOWS\SYSTEM32\ntdll.dll
0x00007ff8b9050000 - 0x00007ff8b9102000 	C:\WINDOWS\System32\KERNEL32.DLL
0x00007ff8b79f0000 - 0x00007ff8b7c93000 	C:\WINDOWS\System32\KERNELBASE.dll
0x00007ff8b9110000 - 0x00007ff8b91b3000 	C:\WINDOWS\System32\ADVAPI32.dll
0x00007ff8b9f70000 - 0x00007ff8ba00e000 	C:\WINDOWS\System32\msvcrt.dll
0x00007ff8b9d60000 - 0x00007ff8b9df7000 	C:\WINDOWS\System32\sechost.dll
0x00007ff8ba1c0000 - 0x00007ff8ba2e0000 	C:\WINDOWS\System32\RPCRT4.dll
0x00007ff8b8e80000 - 0x00007ff8b9014000 	C:\WINDOWS\System32\USER32.dll
0x00007ff8b7870000 - 0x00007ff8b7891000 	C:\WINDOWS\System32\win32u.dll
0x00007ff8b9020000 - 0x00007ff8b9046000 	C:\WINDOWS\System32\GDI32.dll
0x00007ff8b76a0000 - 0x00007ff8b7834000 	C:\WINDOWS\System32\gdi32full.dll
0x00007ff8b8670000 - 0x00007ff8b870e000 	C:\WINDOWS\System32\msvcp_win.dll
0x00007ff8b7d80000 - 0x00007ff8b7e7a000 	C:\WINDOWS\System32\ucrtbase.dll
0x00007ff8aa960000 - 0x00007ff8aabe5000 	C:\WINDOWS\WinSxS\amd64_microsoft.windows.common-controls_6595b64144ccf1df_6.0.18362.592_none_e6c0b1911312be02\COMCTL32.dll
0x00007ff8b98a0000 - 0x00007ff8b9bd6000 	C:\WINDOWS\System32\combase.dll
0x00007ff8b7ca0000 - 0x00007ff8b7d20000 	C:\WINDOWS\System32\bcryptPrimitives.dll
0x00007ff8b91c0000 - 0x00007ff8b91ee000 	C:\WINDOWS\System32\IMM32.DLL
0x0000000057c80000 - 0x0000000057d51000 	C:\Program Files\Java\jdk1.8.0_201\jre\bin\msvcr100.dll
0x00000000573d0000 - 0x0000000057c74000 	C:\Program Files\Java\jdk1.8.0_201\jre\bin\server\jvm.dll
0x00007ff8ba610000 - 0x00007ff8ba618000 	C:\WINDOWS\System32\PSAPI.DLL
0x00007ff88de10000 - 0x00007ff88de19000 	C:\WINDOWS\SYSTEM32\WSOCK32.dll
0x00007ff8b9330000 - 0x00007ff8b939f000 	C:\WINDOWS\System32\WS2_32.dll
0x00007ff8b5240000 - 0x00007ff8b5264000 	C:\WINDOWS\SYSTEM32\WINMM.dll
0x00007ff8b6030000 - 0x00007ff8b603a000 	C:\WINDOWS\SYSTEM32\VERSION.dll
0x00007ff8b51e0000 - 0x00007ff8b520d000 	C:\WINDOWS\SYSTEM32\winmmbase.dll
0x00007ff8b8620000 - 0x00007ff8b866a000 	C:\WINDOWS\System32\cfgmgr32.dll
0x00007ff8b60f0000 - 0x00007ff8b60ff000 	C:\Program Files\Java\jdk1.8.0_201\jre\bin\verify.dll
0x00007ff8b19d0000 - 0x00007ff8b19f9000 	C:\Program Files\Java\jdk1.8.0_201\jre\bin\java.dll
0x00007ff8afef0000 - 0x00007ff8aff06000 	C:\Program Files\Java\jdk1.8.0_201\jre\bin\zip.dll
0x00007ff8b8710000 - 0x00007ff8b8df5000 	C:\WINDOWS\System32\SHELL32.dll
0x00007ff8b9c50000 - 0x00007ff8b9cf9000 	C:\WINDOWS\System32\shcore.dll
0x00007ff8b7e80000 - 0x00007ff8b85ff000 	C:\WINDOWS\System32\windows.storage.dll
0x00007ff8b75d0000 - 0x00007ff8b75ef000 	C:\WINDOWS\System32\profapi.dll
0x00007ff8b7580000 - 0x00007ff8b75ca000 	C:\WINDOWS\System32\powrprof.dll
0x00007ff8b7530000 - 0x00007ff8b7540000 	C:\WINDOWS\System32\UMPDC.dll
0x00007ff8ba0e0000 - 0x00007ff8ba132000 	C:\WINDOWS\System32\shlwapi.dll
0x00007ff8b7540000 - 0x00007ff8b7551000 	C:\WINDOWS\System32\kernel.appcore.dll
0x00007ff8b8600000 - 0x00007ff8b8617000 	C:\WINDOWS\System32\cryptsp.dll
0x00007ff8aaf30000 - 0x00007ff8aaf4a000 	C:\Program Files\Java\jdk1.8.0_201\jre\bin\net.dll
0x00007ff8ab940000 - 0x00007ff8abb16000 	C:\WINDOWS\SYSTEM32\urlmon.dll
0x00007ff8ab690000 - 0x00007ff8ab936000 	C:\WINDOWS\SYSTEM32\iertutil.dll
0x00007ff8b6f70000 - 0x00007ff8b6f7c000 	C:\WINDOWS\SYSTEM32\CRYPTBASE.DLL
0x00007ff8b6da0000 - 0x00007ff8b6e07000 	C:\WINDOWS\system32\mswsock.dll
0x00007ff8a9a70000 - 0x00007ff8a9a81000 	C:\Program Files\Java\jdk1.8.0_201\jre\bin\nio.dll
0x00007ff8b3aa0000 - 0x00007ff8b3ac6000 	C:\Users\vgris\.gradle\native\29\windows-amd64\native-platform.dll
0x00007ff8b5fe0000 - 0x00007ff8b5fed000 	C:\Program Files\Java\jdk1.8.0_201\jre\bin\management.dll
0x00007ff8b6910000 - 0x00007ff8b6943000 	C:\WINDOWS\system32\rsaenh.dll
0x00007ff8b7840000 - 0x00007ff8b7866000 	C:\WINDOWS\System32\bcrypt.dll
0x00007ff8b7420000 - 0x00007ff8b7445000 	C:\WINDOWS\SYSTEM32\USERENV.dll
0x00007ff8b6ab0000 - 0x00007ff8b6aea000 	C:\WINDOWS\SYSTEM32\IPHLPAPI.DLL
0x00007ff8b9c40000 - 0x00007ff8b9c48000 	C:\WINDOWS\System32\NSI.dll
0x00007ff8af010000 - 0x00007ff8af026000 	C:\WINDOWS\SYSTEM32\dhcpcsvc6.DLL
0x00007ff8aed50000 - 0x00007ff8aed6c000 	C:\WINDOWS\SYSTEM32\dhcpcsvc.DLL
0x00007ff8b6af0000 - 0x00007ff8b6bba000 	C:\WINDOWS\SYSTEM32\DNSAPI.dll

VM Arguments:
jvm_args: -Xmx1536m -Dfile.encoding=windows-1251 -Duser.country=RU -Duser.language=ru -Duser.variant 
java_command: org.gradle.launcher.daemon.bootstrap.GradleDaemon 5.4.1
java_class_path (initial): C:\Users\vgris\.gradle\wrapper\dists\gradle-5.4.1-all\3221gyojl5jsh0helicew7rwx\gradle-5.4.1\lib\gradle-launcher-5.4.1.jar
Launcher Type: SUN_STANDARD

Environment Variables:
CLASSPATH=.;E:\Programs\IBM\java\db2java.zip;E:\Programs\IBM\java\db2jcc.jar;E:\Programs\IBM\java\sqlj.zip;E:\Programs\IBM\java\db2jcc_license_cu.jar;E:\Programs\IBM\bin;E:\Programs\IBM\java\common.jar
PATH=C:\Program Files (x86)\Embarcadero\Studio\20.0\bin;C:\Users\Public\Documents\Embarcadero\Studio\20.0\Bpl;C:\Program Files (x86)\Embarcadero\Studio\20.0\bin64;C:\Users\Public\Documents\Embarcadero\Studio\20.0\Bpl\Win64;C:\Program Files (x86)\Common Files\Oracle\Java\javapath;C:\WINDOWS\system32;C:\WINDOWS;C:\WINDOWS\System32\Wbem;C:\WINDOWS\System32\WindowsPowerShell\v1.0\;C:\WINDOWS\System32\OpenSSH\;C:\Program Files (x86)\ATI Technologies\ATI.ACE\Core-Static;C:\Program Files\dotnet\;C:\Program Files\Git\cmd;C:\Program Files\Java\jdk1.8.0_201\bin;C:\Program Files (x86)\AMD\ATI.ACE\Core-Static;D:\Games\Putty\;C:\Program Files\Intel\WiFi\bin\;C:\Program Files\Common Files\Intel\WirelessCommon\;C:\Program Files (x86)\Microsoft SQL Server\150\DTS\Binn\;C:\Program Files (x86)\GtkSharp\2.12\bin;C:\Program Files\ibm\gsk8\lib64;C:\Program Files (x86)\ibm\gsk8\lib;E:\Programs\IBM\BIN;E:\Programs\IBM\FUNCTION;E:\Programs\IBM\SAMPLES\REPL;C:\Program Files (x86)\Common Files\Acronis\SnapAPI\;C:\Users\vgris\AppData\Local\Programs\Python\Python37-32\Scripts\;C:\Users\vgris\AppData\Local\Programs\Python\Python37-32\;C:\Users\vgris\AppData\Local\Microsoft\WindowsApps;C:\Users\vgris\AppData\Local\atom\bin;C:\Users\vgris\AppData\Local\GitHubDesktop\bin;C:\Users\vgris\.dotnet\tools;D:\Games\IntelliJ IDEA\IntelliJ IDEA Community Edition 2018.3.4\bin;;C:\Program Files\Intel\WiFi\bin\;C:\Program Files\Common Files\Intel\WirelessCommon\;C:\Users\vgris\AppData\Local\Microsoft\WindowsApps;
USERNAME=vgris
OS=Windows_NT
PROCESSOR_IDENTIFIER=Intel64 Family 6 Model 60 Stepping 3, GenuineIntel



---------------  S Y S T E M  ---------------

OS: Windows 10.0 , 64 bit Build 18362 (10.0.18362.329)

CPU:total 4 (initial active 4) (2 cores per cpu, 2 threads per core) family 6 model 60 stepping 3, cmov, cx8, fxsr, mmx, sse, sse2, sse3, ssse3, sse4.1, sse4.2, popcnt, avx, avx2, aes, clmul, erms, lzcnt, ht, tsc, tscinvbit, bmi1, bmi2

Memory: 4k page, physical 8291792k(1168872k free), swap 8291792k(124k free)

vm_info: Java HotSpot(TM) 64-Bit Server VM (25.201-b09) for windows-amd64 JRE (1.8.0_201-b09), built on Dec 15 2018 18:36:39 by "java_re" with MS VC++ 10.0 (VS2010)

time: Mon Feb 03 20:51:48 2020
timezone: Финляндия (зима)
elapsed time: 6 seconds (0d 0h 0m 6s)

