#
# There is insufficient memory for the Java Runtime Environment to continue.
# Native memory allocation (malloc) failed to allocate 1095856 bytes for Chunk::new
# Possible reasons:
#   The system is out of physical RAM or swap space
#   The process is running with CompressedOops enabled, and the Java Heap may be blocking the growth of the native heap
# Possible solutions:
#   Reduce memory load on the system
#   Increase physical memory or swap space
#   Check if swap backing store is full
#   Decrease Java heap size (-Xmx/-Xms)
#   Decrease number of Java threads
#   Decrease Java thread stack sizes (-Xss)
#   Set larger code cache with -XX:ReservedCodeCacheSize=
#   JVM is running with Unscaled Compressed Oops mode in which the Java heap is
#     placed in the first 4GB address space. The Java Heap base address is the
#     maximum limit for the native heap growth. Please use -XX:HeapBaseMinAddress
#     to set the Java Heap base and to place the Java Heap above 4GB virtual address.
# This output file may be truncated or incomplete.
#
#  Out of Memory Error (allocation.cpp:390), pid=11612, tid=0x0000000000002f84
#
# JRE version: Java(TM) SE Runtime Environment (8.0_201-b09) (build 1.8.0_201-b09)
# Java VM: Java HotSpot(TM) 64-Bit Server VM (25.201-b09 mixed mode windows-amd64 compressed oops)
# Failed to write core dump. Minidumps are not enabled by default on client versions of Windows
#

---------------  T H R E A D  ---------------

Current thread (0x00000000162c0000):  JavaThread "C2 CompilerThread1" daemon [_thread_in_native, id=12164, stack(0x0000000017a40000,0x0000000017b40000)]

Stack: [0x0000000017a40000,0x0000000017b40000]
[error occurred during error reporting (printing stack bounds), id 0xc0000005]

Native frames: (J=compiled Java code, j=interpreted, Vv=VM code, C=native code)


Current CompileTask:
C2:3801961 20897       4       com.android.tools.r8.graph.DexDebugEventBuilder::a (1005 bytes)


---------------  P R O C E S S  ---------------

Java Threads: ( => current thread )
  0x0000000018395000 JavaThread "Cache worker for Java compile cache (C:\Users\vgris\Desktop\2019 projects\2048App\.gradle\5.4.1\javaCompile)" [_thread_blocked, id=14328, stack(0x00000000256a0000,0x00000000257a0000)]
  0x0000000018392000 JavaThread "WorkerExecutor Queue Thread 2" [_thread_blocked, id=4988, stack(0x0000000024fa0000,0x00000000250a0000)]
  0x000000001838d800 JavaThread "stdout" [_thread_in_native, id=5640, stack(0x0000000024da0000,0x0000000024ea0000)]
  0x0000000018391000 JavaThread "stderr" [_thread_in_native, id=14892, stack(0x0000000024ca0000,0x0000000024da0000)]
  0x000000001838c800 JavaThread "pool-15-thread-1" [_thread_blocked, id=5508, stack(0x0000000024ba0000,0x0000000024ca0000)]
  0x0000000018393800 JavaThread "WorkerExecutor Queue" [_thread_blocked, id=14488, stack(0x0000000024aa0000,0x0000000024ba0000)]
  0x000000001b7a0000 JavaThread "Cache worker for execution history cache (C:\Users\vgris\Desktop\2019 projects\2048App\.gradle\5.4.1\executionHistory)" [_thread_blocked, id=7384, stack(0x00000000249a0000,0x0000000024aa0000)]
  0x000000001b7a3000 JavaThread "Execution worker for ':' Thread 3" [_thread_in_Java, id=9464, stack(0x00000000248a0000,0x00000000249a0000)]
  0x000000001b7a0800 JavaThread "Execution worker for ':' Thread 2" [_thread_in_Java, id=1360, stack(0x00000000247a0000,0x00000000248a0000)]
  0x000000001b79f000 JavaThread "Execution worker for ':'" [_thread_in_Java, id=5148, stack(0x0000000024280000,0x0000000024380000)]
  0x000000001b79e800 JavaThread "Cache worker for file content cache (C:\Users\vgris\Desktop\2019 projects\2048App\.gradle\5.4.1\fileContent)" [_thread_blocked, id=5836, stack(0x0000000023f80000,0x0000000024080000)]
  0x000000001b7a1800 JavaThread "Cache worker for Build Output Cleanup Cache (C:\Users\vgris\Desktop\2019 projects\2048App\.gradle\buildOutputCleanup)" [_thread_blocked, id=11092, stack(0x0000000021ad0000,0x0000000021bd0000)]
  0x000000001b797000 JavaThread "Build operations Thread 4" [_thread_blocked, id=2420, stack(0x00000000219d0000,0x0000000021ad0000)]
  0x000000001b79d800 JavaThread "Build operations Thread 3" [_thread_blocked, id=5180, stack(0x00000000218d0000,0x00000000219d0000)]
  0x000000001b79d000 JavaThread "Build operations Thread 2" [_thread_blocked, id=12688, stack(0x0000000021570000,0x0000000021670000)]
  0x000000001b796000 JavaThread "Build operations" [_thread_blocked, id=4036, stack(0x000000001fda0000,0x000000001fea0000)]
  0x000000001b795800 JavaThread "Cache worker for cache directory md-rule (C:\Users\vgris\.gradle\caches\5.4.1\md-rule)" [_thread_blocked, id=8760, stack(0x000000001ebe0000,0x000000001ece0000)]
  0x000000001b79a000 JavaThread "Cache worker for cache directory md-supplier (C:\Users\vgris\.gradle\caches\5.4.1\md-supplier)" [_thread_blocked, id=9652, stack(0x000000001e830000,0x000000001e930000)]
  0x000000001b79c000 JavaThread "Cache worker for file hash cache (C:\Users\vgris\Desktop\2019 projects\2048App\.gradle\5.4.1\fileHashes)" [_thread_blocked, id=15056, stack(0x000000001abc0000,0x000000001acc0000)]
  0x000000001b794800 JavaThread "Thread-133" [_thread_blocked, id=12576, stack(0x000000001a8c0000,0x000000001a9c0000)]
  0x000000001b79a800 JavaThread "Stdin handler" [_thread_blocked, id=8348, stack(0x000000001a7c0000,0x000000001a8c0000)]
  0x000000001b794000 JavaThread "Asynchronous log dispatcher for DefaultDaemonConnection: socket connection from /127.0.0.1:53210 to /127.0.0.1:54049" [_thread_blocked, id=15156, stack(0x000000001a4c0000,0x000000001a5c0000)]
  0x000000001b797800 JavaThread "Cancel handler" [_thread_blocked, id=15160, stack(0x0000000000dd0000,0x0000000000ed0000)]
  0x000000001b798800 JavaThread "Handler for socket connection from /127.0.0.1:53210 to /127.0.0.1:54049" [_thread_in_native, id=12908, stack(0x0000000000cd0000,0x0000000000dd0000)]
  0x000000001838a800 JavaThread "Daemon worker Thread 5" [_thread_in_Java, id=10904, stack(0x000000001a3c0000,0x000000001a4c0000)]
  0x0000000018388000 JavaThread "Daemon Thread 5" [_thread_blocked, id=2152, stack(0x0000000000ad0000,0x0000000000bd0000)]
  0x0000000018d5c800 JavaThread "Cache worker for Java compile cache (C:\Users\vgris\.gradle\caches\5.4.1\javaCompile)" [_thread_blocked, id=5396, stack(0x0000000024ea0000,0x0000000024fa0000)]
  0x000000001b7a2000 JavaThread "Cache worker for file content cache (C:\Users\vgris\.gradle\caches\5.4.1\fileContent)" [_thread_blocked, id=9852, stack(0x0000000021bd0000,0x0000000021cd0000)]
  0x0000000018389800 JavaThread "Memory manager" [_thread_blocked, id=10572, stack(0x0000000022ad0000,0x0000000022bd0000)]
  0x0000000018d58800 JavaThread "Cache worker for execution history cache (C:\Users\vgris\.gradle\caches\5.4.1\executionHistory)" [_thread_blocked, id=2476, stack(0x00000000200a0000,0x00000000201a0000)]
  0x0000000018d5b000 JavaThread "Cache worker for journal cache (C:\Users\vgris\.gradle\caches\journal-1)" [_thread_blocked, id=2100, stack(0x000000001b0c0000,0x000000001b1c0000)]
  0x0000000018d5b800 JavaThread "File lock request listener" [_thread_in_native, id=6004, stack(0x000000001adc0000,0x000000001aec0000)]
  0x0000000018d5a000 JavaThread "Cache worker for file hash cache (C:\Users\vgris\.gradle\caches\5.4.1\fileHashes)" [_thread_blocked, id=1172, stack(0x000000001acc0000,0x000000001adc0000)]
  0x0000000019225800 JavaThread "Daemon periodic checks" [_thread_blocked, id=13400, stack(0x000000001a2c0000,0x000000001a3c0000)]
  0x000000001846a800 JavaThread "Incoming local TCP Connector on port 53210" [_thread_in_native, id=9540, stack(0x000000001a070000,0x000000001a170000)]
  0x00000000190f0000 JavaThread "Daemon health stats" [_thread_blocked, id=15284, stack(0x0000000019a10000,0x0000000019b10000)]
  0x000000001630d800 JavaThread "Service Thread" daemon [_thread_blocked, id=9656, stack(0x0000000018040000,0x0000000018140000)]
  0x00000000162c4800 JavaThread "C1 CompilerThread2" daemon [_thread_blocked, id=876, stack(0x0000000017b40000,0x0000000017c40000)]
=>0x00000000162c0000 JavaThread "C2 CompilerThread1" daemon [_thread_in_native, id=12164, stack(0x0000000017a40000,0x0000000017b40000)]
  0x00000000162ba000 JavaThread "C2 CompilerThread0" daemon [_thread_in_native, id=5336, stack(0x0000000017940000,0x0000000017a40000)]
  0x00000000162b8000 JavaThread "Attach Listener" daemon [_thread_blocked, id=11088, stack(0x0000000017840000,0x0000000017940000)]
  0x00000000162b6000 JavaThread "Signal Dispatcher" daemon [_thread_blocked, id=5476, stack(0x0000000017740000,0x0000000017840000)]
  0x000000000290d000 JavaThread "Finalizer" daemon [_thread_blocked, id=1688, stack(0x0000000017520000,0x0000000017620000)]
  0x0000000002904800 JavaThread "Reference Handler" daemon [_thread_blocked, id=9844, stack(0x0000000017420000,0x0000000017520000)]
  0x0000000002812800 JavaThread "main" [_thread_blocked, id=14564, stack(0x0000000002700000,0x0000000002800000)]

Other Threads:
  0x0000000016277800 VMThread [stack: 0x0000000017320000,0x0000000017420000] [id=3832]
  0x000000001630e800 WatcherThread [stack: 0x0000000018140000,0x0000000018240000] [id=13044]

VM state:not at safepoint (normal execution)

VM Mutex/Monitor currently owned by a thread: None

heap address: 0x00000000a0000000, size: 1536 MB, Compressed Oops mode: 32-bit
Narrow klass base: 0x0000000000000000, Narrow klass shift: 3
Compressed class space size: 1073741824 Address: 0x0000000100000000

Heap:
 PSYoungGen      total 361472K, used 327531K [0x00000000e0000000, 0x00000000fb300000, 0x0000000100000000)
  eden space 323584K, 93% used [0x00000000e0000000,0x00000000f26912b8,0x00000000f3c00000)
  from space 37888K, 68% used [0x00000000f3c00000,0x00000000f5549d20,0x00000000f6100000)
  to   space 38912K, 0% used [0x00000000f8d00000,0x00000000f8d00000,0x00000000fb300000)
 ParOldGen       total 184320K, used 43626K [0x00000000a0000000, 0x00000000ab400000, 0x00000000e0000000)
  object space 184320K, 23% used [0x00000000a0000000,0x00000000a2a9aa48,0x00000000ab400000)
 Metaspace       used 95703K, capacity 100294K, committed 100812K, reserved 1136640K
  class space    used 12529K, capacity 13386K, committed 13568K, reserved 1048576K

Card table byte_map: [0x0000000011ce0000,0x0000000011ff0000] byte_map_base: 0x00000000117e0000

Marking Bits: (ParMarkBitMap*) 0x0000000056f54ce0
 Begin Bits: [0x00000000125f0000, 0x0000000013df0000)
 End Bits:   [0x0000000013df0000, 0x00000000155f0000)

Polling page: 0x0000000000f40000

CodeCache: size=245760Kb used=58983Kb max_used=60058Kb free=186776Kb
 bounds [0x0000000002920000, 0x0000000006420000, 0x0000000011920000]
 total_blobs=18054 nmethods=17162 adapters=800
 compilation: enabled

Compilation events (10 events):
Event: 3801.819 Thread 0x00000000162c4800 20986       2       com.android.tools.r8.ir.code.L::H (2 bytes)
Event: 3801.820 Thread 0x00000000162c4800 nmethod 20986 0x0000000004aaf010 code [0x0000000004aaf160, 0x0000000004aaf2b0]
Event: 3801.824 Thread 0x00000000162c4800 20987       2       com.android.tools.r8.ir.code.g::remove (67 bytes)
Event: 3801.825 Thread 0x00000000162c4800 nmethod 20987 0x00000000037d7d50 code [0x00000000037d7f20, 0x00000000037d8458]
Event: 3801.839 Thread 0x00000000162c4800 20988       2       com.android.tools.r8.ir.code.d0::K1 (44 bytes)
Event: 3801.839 Thread 0x00000000162c4800 nmethod 20988 0x00000000042bb4d0 code [0x00000000042bb640, 0x00000000042bb7e8]
Event: 3801.914 Thread 0x00000000162c4800 20989       2       com.android.tools.r8.m.a.a.b.U0::listIterator (36 bytes)
Event: 3801.914 Thread 0x00000000162c4800 nmethod 20989 0x0000000005c33d10 code [0x0000000005c33ea0, 0x0000000005c341d8]
Event: 3801.926 Thread 0x00000000162c4800 20990 %     3       com.android.tools.r8.graph.DexDebugEventBuilder::a @ 136 (261 bytes)
Event: 3801.929 Thread 0x00000000162c4800 nmethod 20990% 0x0000000004330450 code [0x0000000004330840, 0x0000000004332c88]

GC Heap History (10 events):
Event: 3790.487 GC heap before
{Heap before GC invocations=25 (full 4):
 PSYoungGen      total 282624K, used 255124K [0x00000000e0000000, 0x00000000f3d00000, 0x0000000100000000)
  eden space 246784K, 100% used [0x00000000e0000000,0x00000000ef100000,0x00000000ef100000)
  from space 35840K, 23% used [0x00000000f1300000,0x00000000f1b251f8,0x00000000f3600000)
  to   space 34816K, 0% used [0x00000000ef100000,0x00000000ef100000,0x00000000f1300000)
 ParOldGen       total 184320K, used 43618K [0x00000000a0000000, 0x00000000ab400000, 0x00000000e0000000)
  object space 184320K, 23% used [0x00000000a0000000,0x00000000a2a98a48,0x00000000ab400000)
 Metaspace       used 94438K, capacity 98962K, committed 99404K, reserved 1134592K
  class space    used 12447K, capacity 13304K, committed 13440K, reserved 1048576K
Event: 3790.529 GC heap after
Heap after GC invocations=25 (full 4):
 PSYoungGen      total 281600K, used 11520K [0x00000000e0000000, 0x00000000f5980000, 0x0000000100000000)
  eden space 246784K, 0% used [0x00000000e0000000,0x00000000e0000000,0x00000000ef100000)
  from space 34816K, 33% used [0x00000000ef100000,0x00000000efc40010,0x00000000f1300000)
  to   space 33792K, 0% used [0x00000000f3880000,0x00000000f3880000,0x00000000f5980000)
 ParOldGen       total 184320K, used 43618K [0x00000000a0000000, 0x00000000ab400000, 0x00000000e0000000)
  object space 184320K, 23% used [0x00000000a0000000,0x00000000a2a98a48,0x00000000ab400000)
 Metaspace       used 94438K, capacity 98962K, committed 99404K, reserved 1134592K
  class space    used 12447K, capacity 13304K, committed 13440K, reserved 1048576K
}
Event: 3796.637 GC heap before
{Heap before GC invocations=26 (full 4):
 PSYoungGen      total 281600K, used 258304K [0x00000000e0000000, 0x00000000f5980000, 0x0000000100000000)
  eden space 246784K, 100% used [0x00000000e0000000,0x00000000ef100000,0x00000000ef100000)
  from space 34816K, 33% used [0x00000000ef100000,0x00000000efc40010,0x00000000f1300000)
  to   space 33792K, 0% used [0x00000000f3880000,0x00000000f3880000,0x00000000f5980000)
 ParOldGen       total 184320K, used 43618K [0x00000000a0000000, 0x00000000ab400000, 0x00000000e0000000)
  object space 184320K, 23% used [0x00000000a0000000,0x00000000a2a98a48,0x00000000ab400000)
 Metaspace       used 95382K, capacity 99916K, committed 100556K, reserved 1136640K
  class space    used 12512K, capacity 13377K, committed 13568K, reserved 1048576K
Event: 3796.680 GC heap after
Heap after GC invocations=26 (full 4):
 PSYoungGen      total 310784K, used 19733K [0x00000000e0000000, 0x00000000f5500000, 0x0000000100000000)
  eden space 281600K, 0% used [0x00000000e0000000,0x00000000e0000000,0x00000000f1300000)
  from space 29184K, 67% used [0x00000000f3880000,0x00000000f4bc5708,0x00000000f5500000)
  to   space 33792K, 0% used [0x00000000f1300000,0x00000000f1300000,0x00000000f3400000)
 ParOldGen       total 184320K, used 43626K [0x00000000a0000000, 0x00000000ab400000, 0x00000000e0000000)
  object space 184320K, 23% used [0x00000000a0000000,0x00000000a2a9aa48,0x00000000ab400000)
 Metaspace       used 95382K, capacity 99916K, committed 100556K, reserved 1136640K
  class space    used 12512K, capacity 13377K, committed 13568K, reserved 1048576K
}
Event: 3798.471 GC heap before
{Heap before GC invocations=27 (full 4):
 PSYoungGen      total 310784K, used 301333K [0x00000000e0000000, 0x00000000f5500000, 0x0000000100000000)
  eden space 281600K, 100% used [0x00000000e0000000,0x00000000f1300000,0x00000000f1300000)
  from space 29184K, 67% used [0x00000000f3880000,0x00000000f4bc5708,0x00000000f5500000)
  to   space 33792K, 0% used [0x00000000f1300000,0x00000000f1300000,0x00000000f3400000)
 ParOldGen       total 184320K, used 43626K [0x00000000a0000000, 0x00000000ab400000, 0x00000000e0000000)
  object space 184320K, 23% used [0x00000000a0000000,0x00000000a2a9aa48,0x00000000ab400000)
 Metaspace       used 95571K, capacity 100150K, committed 100812K, reserved 1136640K
  class space    used 12529K, capacity 13386K, committed 13568K, reserved 1048576K
Event: 3798.529 GC heap after
Heap after GC invocations=27 (full 4):
 PSYoungGen      total 315392K, used 25757K [0x00000000e0000000, 0x00000000f8400000, 0x0000000100000000)
  eden space 281600K, 0% used [0x00000000e0000000,0x00000000e0000000,0x00000000f1300000)
  from space 33792K, 76% used [0x00000000f1300000,0x00000000f2c27740,0x00000000f3400000)
  to   space 35840K, 0% used [0x00000000f6100000,0x00000000f6100000,0x00000000f8400000)
 ParOldGen       total 184320K, used 43626K [0x00000000a0000000, 0x00000000ab400000, 0x00000000e0000000)
  object space 184320K, 23% used [0x00000000a0000000,0x00000000a2a9aa48,0x00000000ab400000)
 Metaspace       used 95571K, capacity 100150K, committed 100812K, reserved 1136640K
  class space    used 12529K, capacity 13386K, committed 13568K, reserved 1048576K
}
Event: 3799.570 GC heap before
{Heap before GC invocations=28 (full 4):
 PSYoungGen      total 315392K, used 307357K [0x00000000e0000000, 0x00000000f8400000, 0x0000000100000000)
  eden space 281600K, 100% used [0x00000000e0000000,0x00000000f1300000,0x00000000f1300000)
  from space 33792K, 76% used [0x00000000f1300000,0x00000000f2c27740,0x00000000f3400000)
  to   space 35840K, 0% used [0x00000000f6100000,0x00000000f6100000,0x00000000f8400000)
 ParOldGen       total 184320K, used 43626K [0x00000000a0000000, 0x00000000ab400000, 0x00000000e0000000)
  object space 184320K, 23% used [0x00000000a0000000,0x00000000a2a9aa48,0x00000000ab400000)
 Metaspace       used 95648K, capacity 100222K, committed 100812K, reserved 1136640K
  class space    used 12529K, capacity 13386K, committed 13568K, reserved 1048576K
Event: 3799.614 GC heap after
Heap after GC invocations=28 (full 4):
 PSYoungGen      total 359424K, used 27937K [0x00000000e0000000, 0x00000000f8d80000, 0x0000000100000000)
  eden space 323584K, 0% used [0x00000000e0000000,0x00000000e0000000,0x00000000f3c00000)
  from space 35840K, 77% used [0x00000000f6100000,0x00000000f7c48468,0x00000000f8400000)
  to   space 37888K, 0% used [0x00000000f3c00000,0x00000000f3c00000,0x00000000f6100000)
 ParOldGen       total 184320K, used 43626K [0x00000000a0000000, 0x00000000ab400000, 0x00000000e0000000)
  object space 184320K, 23% used [0x00000000a0000000,0x00000000a2a9aa48,0x00000000ab400000)
 Metaspace       used 95648K, capacity 100222K, committed 100812K, reserved 1136640K
  class space    used 12529K, capacity 13386K, committed 13568K, reserved 1048576K
}
Event: 3800.922 GC heap before
{Heap before GC invocations=29 (full 4):
 PSYoungGen      total 359424K, used 351521K [0x00000000e0000000, 0x00000000f8d80000, 0x0000000100000000)
  eden space 323584K, 100% used [0x00000000e0000000,0x00000000f3c00000,0x00000000f3c00000)
  from space 35840K, 77% used [0x00000000f6100000,0x00000000f7c48468,0x00000000f8400000)
  to   space 37888K, 0% used [0x00000000f3c00000,0x00000000f3c00000,0x00000000f6100000)
 ParOldGen       total 184320K, used 43626K [0x00000000a0000000, 0x00000000ab400000, 0x00000000e0000000)
  object space 184320K, 23% used [0x00000000a0000000,0x00000000a2a9aa48,0x00000000ab400000)
 Metaspace       used 95683K, capacity 100226K, committed 100812K, reserved 1136640K
  class space    used 12529K, capacity 13386K, committed 13568K, reserved 1048576K
Event: 3800.965 GC heap after
Heap after GC invocations=29 (full 4):
 PSYoungGen      total 361472K, used 25895K [0x00000000e0000000, 0x00000000fb300000, 0x0000000100000000)
  eden space 323584K, 0% used [0x00000000e0000000,0x00000000e0000000,0x00000000f3c00000)
  from space 37888K, 68% used [0x00000000f3c00000,0x00000000f5549d20,0x00000000f6100000)
  to   space 38912K, 0% used [0x00000000f8d00000,0x00000000f8d00000,0x00000000fb300000)
 ParOldGen       total 184320K, used 43626K [0x00000000a0000000, 0x00000000ab400000, 0x00000000e0000000)
  object space 184320K, 23% used [0x00000000a0000000,0x00000000a2a9aa48,0x00000000ab400000)
 Metaspace       used 95683K, capacity 100226K, committed 100812K, reserved 1136640K
  class space    used 12529K, capacity 13386K, committed 13568K, reserved 1048576K
}

Deoptimization events (10 events):
Event: 3798.243 Thread 0x000000001838a800 Uncommon trap: reason=unstable_if action=reinterpret pc=0x0000000002b3e518 method=java.util.TimSort.countRunAndMakeAscending([Ljava/lang/Object;IILjava/util/Comparator;)I @ 27
Event: 3798.358 Thread 0x000000001b7a3000 Uncommon trap: reason=null_check action=make_not_entrant pc=0x0000000004eacf0c method=com.android.tools.r8.ir.analysis.type.ArrayTypeLatticeElement.getOrCreateVariant(Lcom/android/tools/r8/ir/analysis/type/Nullability;)Lcom/android/tools/r8/ir/analysis/ty
Event: 3798.363 Thread 0x000000001b79f000 Uncommon trap: reason=class_check action=maybe_recompile pc=0x0000000005c3d45c method=com.android.tools.r8.ir.conversion.U.a(Lcom/android/tools/r8/ir/conversion/T;)Z @ 4
Event: 3798.881 Thread 0x000000001838a800 Uncommon trap: reason=unstable_if action=reinterpret pc=0x0000000005ea6814 method=com.android.tools.r8.n.a.a.a.g.B0$e.contains(Ljava/lang/Object;)Z @ 124
Event: 3799.081 Thread 0x000000001b79f000 Uncommon trap: reason=unstable_if action=reinterpret pc=0x000000000572f7d4 method=com.android.tools.r8.ir.conversion.N.traceInstruction(ILcom/android/tools/r8/ir/conversion/IRBuilder;)I @ 193
Event: 3799.082 Thread 0x000000001b79f000 Uncommon trap: reason=class_check action=maybe_recompile pc=0x0000000005c3d45c method=com.android.tools.r8.ir.conversion.U.a(Lcom/android/tools/r8/ir/conversion/T;)Z @ 4
Event: 3799.083 Thread 0x000000001b79f000 Uncommon trap: reason=class_check action=maybe_recompile pc=0x0000000005c3d45c method=com.android.tools.r8.ir.conversion.U.a(Lcom/android/tools/r8/ir/conversion/T;)Z @ 4
Event: 3799.083 Thread 0x000000001b79f000 Uncommon trap: reason=class_check action=maybe_recompile pc=0x0000000005c3d45c method=com.android.tools.r8.ir.conversion.U.a(Lcom/android/tools/r8/ir/conversion/T;)Z @ 4
Event: 3799.563 Thread 0x000000001b79f000 Uncommon trap: reason=predicate action=maybe_recompile pc=0x00000000045a2bcc method=com.android.tools.r8.ir.optimize.CodeRewriter.e(Lcom/android/tools/r8/ir/code/Instruction;)Z @ 226
Event: 3801.036 Thread 0x000000001b7a0800 Uncommon trap: reason=unstable_if action=reinterpret pc=0x000000000517d88c method=com.android.tools.r8.graph.w.j(Ljava/lang/String;)[Ljava/lang/String; @ 148

Classes redefined (0 events):
No events

Internal exceptions (10 events):
Event: 3800.586 Thread 0x000000001b7a0800 Exception <a 'sun/nio/fs/WindowsException'> (0x00000000ef001c88) thrown at [C:\re\workspace\8-2-build-windows-amd64-cygwin\jdk8u201\12322\hotspot\src\share\vm\prims\jni.cpp, line 709]
Event: 3800.715 Thread 0x000000001b7a3000 Exception <a 'sun/nio/fs/WindowsException'> (0x00000000efec4a50) thrown at [C:\re\workspace\8-2-build-windows-amd64-cygwin\jdk8u201\12322\hotspot\src\share\vm\prims\jni.cpp, line 709]
Event: 3800.751 Thread 0x000000001838a800 Exception <a 'sun/nio/fs/WindowsException'> (0x00000000ee2d7a70) thrown at [C:\re\workspace\8-2-build-windows-amd64-cygwin\jdk8u201\12322\hotspot\src\share\vm\prims\jni.cpp, line 709]
Event: 3800.823 Thread 0x000000001b7a3000 Exception <a 'sun/nio/fs/WindowsException'> (0x00000000f1bb53d0) thrown at [C:\re\workspace\8-2-build-windows-amd64-cygwin\jdk8u201\12322\hotspot\src\share\vm\prims\jni.cpp, line 709]
Event: 3800.906 Thread 0x000000001b7a0800 Exception <a 'sun/nio/fs/WindowsException'> (0x00000000f2eff5f8) thrown at [C:\re\workspace\8-2-build-windows-amd64-cygwin\jdk8u201\12322\hotspot\src\share\vm\prims\jni.cpp, line 709]
Event: 3801.173 Thread 0x000000001838a800 Exception <a 'sun/nio/fs/WindowsException'> (0x00000000e390c568) thrown at [C:\re\workspace\8-2-build-windows-amd64-cygwin\jdk8u201\12322\hotspot\src\share\vm\prims\jni.cpp, line 709]
Event: 3801.321 Thread 0x000000001b7a3000 Exception <a 'sun/nio/fs/WindowsException'> (0x00000000e646f238) thrown at [C:\re\workspace\8-2-build-windows-amd64-cygwin\jdk8u201\12322\hotspot\src\share\vm\prims\jni.cpp, line 709]
Event: 3801.370 Thread 0x000000001b7a0800 Exception <a 'sun/nio/fs/WindowsException'> (0x00000000e6eb56b0) thrown at [C:\re\workspace\8-2-build-windows-amd64-cygwin\jdk8u201\12322\hotspot\src\share\vm\prims\jni.cpp, line 709]
Event: 3801.478 Thread 0x000000001838a800 Exception <a 'sun/nio/fs/WindowsException'> (0x00000000e8a6d660) thrown at [C:\re\workspace\8-2-build-windows-amd64-cygwin\jdk8u201\12322\hotspot\src\share\vm\prims\jni.cpp, line 709]
Event: 3801.901 Thread 0x000000001b7a0800 Exception <a 'sun/nio/fs/WindowsException'> (0x00000000f103b8a8) thrown at [C:\re\workspace\8-2-build-windows-amd64-cygwin\jdk8u201\12322\hotspot\src\share\vm\prims\jni.cpp, line 709]

Events (10 events):
Event: 3801.827 Thread 0x000000001b79f000 DEOPT PACKING pc=0x00000000059167f3 sp=0x000000002437b430
Event: 3801.827 Thread 0x000000001b79f000 DEOPT UNPACKING pc=0x0000000002967890 sp=0x000000002437b2b0 mode 0
Event: 3801.838 Thread 0x000000001b79f000 DEOPT PACKING pc=0x0000000004f2e4a7 sp=0x000000002437b770
Event: 3801.838 Thread 0x000000001b79f000 DEOPT UNPACKING pc=0x0000000002967890 sp=0x000000002437b490 mode 0
Event: 3801.864 Thread 0x000000001b7a3000 DEOPT PACKING pc=0x00000000059167f3 sp=0x000000002499b5d0
Event: 3801.864 Thread 0x000000001b7a3000 DEOPT UNPACKING pc=0x0000000002967890 sp=0x000000002499b450 mode 0
Event: 3801.904 Thread 0x000000001b7a0800 DEOPT PACKING pc=0x00000000048743ae sp=0x000000002489aa20
Event: 3801.904 Thread 0x000000001b7a0800 DEOPT UNPACKING pc=0x0000000002967890 sp=0x000000002489a788 mode 0
Event: 3801.925 Thread 0x000000001b7a3000 DEOPT PACKING pc=0x00000000059169ac sp=0x000000002499b5d0
Event: 3801.925 Thread 0x000000001b7a3000 DEOPT UNPACKING pc=0x0000000002967890 sp=0x000000002499b450 mode 0


Dynamic libraries:
0x00007ff68c760000 - 0x00007ff68c797000 	C:\Program Files\Java\jdk1.8.0_201\bin\java.exe
0x00007ffa3c2e0000 - 0x00007ffa3c4d0000 	C:\WINDOWS\SYSTEM32\ntdll.dll
0x00007ffa3bfc0000 - 0x00007ffa3c072000 	C:\WINDOWS\System32\KERNEL32.DLL
0x00007ffa395f0000 - 0x00007ffa39893000 	C:\WINDOWS\System32\KERNELBASE.dll
0x00007ffa3a390000 - 0x00007ffa3a433000 	C:\WINDOWS\System32\ADVAPI32.dll
0x00007ffa3bf20000 - 0x00007ffa3bfbe000 	C:\WINDOWS\System32\msvcrt.dll
0x00007ffa3b350000 - 0x00007ffa3b3e7000 	C:\WINDOWS\System32\sechost.dll
0x00007ffa3a580000 - 0x00007ffa3a6a0000 	C:\WINDOWS\System32\RPCRT4.dll
0x00007ffa3c080000 - 0x00007ffa3c214000 	C:\WINDOWS\System32\USER32.dll
0x00007ffa399c0000 - 0x00007ffa399e1000 	C:\WINDOWS\System32\win32u.dll
0x00007ffa3b8b0000 - 0x00007ffa3b8d6000 	C:\WINDOWS\System32\GDI32.dll
0x00007ffa39a40000 - 0x00007ffa39bd4000 	C:\WINDOWS\System32\gdi32full.dll
0x00007ffa394f0000 - 0x00007ffa3958e000 	C:\WINDOWS\System32\msvcp_win.dll
0x00007ffa398c0000 - 0x00007ffa399ba000 	C:\WINDOWS\System32\ucrtbase.dll
0x00007ffa2e550000 - 0x00007ffa2e7d5000 	C:\WINDOWS\WinSxS\amd64_microsoft.windows.common-controls_6595b64144ccf1df_6.0.18362.592_none_e6c0b1911312be02\COMCTL32.dll
0x00007ffa3a710000 - 0x00007ffa3aa46000 	C:\WINDOWS\System32\combase.dll
0x00007ffa39470000 - 0x00007ffa394f0000 	C:\WINDOWS\System32\bcryptPrimitives.dll
0x00007ffa3b150000 - 0x00007ffa3b17e000 	C:\WINDOWS\System32\IMM32.DLL
0x0000000056fe0000 - 0x00000000570b1000 	C:\Program Files\Java\jdk1.8.0_201\jre\bin\msvcr100.dll
0x0000000056730000 - 0x0000000056fd4000 	C:\Program Files\Java\jdk1.8.0_201\jre\bin\server\jvm.dll
0x00007ffa3b340000 - 0x00007ffa3b348000 	C:\WINDOWS\System32\PSAPI.DLL
0x00007ffa238d0000 - 0x00007ffa238d9000 	C:\WINDOWS\SYSTEM32\WSOCK32.dll
0x00007ffa3b4a0000 - 0x00007ffa3b50f000 	C:\WINDOWS\System32\WS2_32.dll
0x00007ffa31000000 - 0x00007ffa3100a000 	C:\WINDOWS\SYSTEM32\VERSION.dll
0x00007ffa2ff30000 - 0x00007ffa2ff54000 	C:\WINDOWS\SYSTEM32\WINMM.dll
0x00007ffa2ff00000 - 0x00007ffa2ff2d000 	C:\WINDOWS\SYSTEM32\WINMMBASE.dll
0x00007ffa399f0000 - 0x00007ffa39a3a000 	C:\WINDOWS\System32\cfgmgr32.dll
0x00007ffa35070000 - 0x00007ffa3507f000 	C:\Program Files\Java\jdk1.8.0_201\jre\bin\verify.dll
0x00007ffa10610000 - 0x00007ffa10639000 	C:\Program Files\Java\jdk1.8.0_201\jre\bin\java.dll
0x00007ffa34210000 - 0x00007ffa34226000 	C:\Program Files\Java\jdk1.8.0_201\jre\bin\zip.dll
0x00007ffa3aa60000 - 0x00007ffa3b145000 	C:\WINDOWS\System32\SHELL32.dll
0x00007ffa3b3f0000 - 0x00007ffa3b499000 	C:\WINDOWS\System32\shcore.dll
0x00007ffa39c10000 - 0x00007ffa3a38f000 	C:\WINDOWS\System32\windows.storage.dll
0x00007ffa39230000 - 0x00007ffa3924f000 	C:\WINDOWS\System32\profapi.dll
0x00007ffa391e0000 - 0x00007ffa3922a000 	C:\WINDOWS\System32\powrprof.dll
0x00007ffa391b0000 - 0x00007ffa391c0000 	C:\WINDOWS\System32\UMPDC.dll
0x00007ffa3b520000 - 0x00007ffa3b572000 	C:\WINDOWS\System32\shlwapi.dll
0x00007ffa39250000 - 0x00007ffa39261000 	C:\WINDOWS\System32\kernel.appcore.dll
0x00007ffa398a0000 - 0x00007ffa398b7000 	C:\WINDOWS\System32\cryptsp.dll
0x00007ffa34040000 - 0x00007ffa3405a000 	C:\Program Files\Java\jdk1.8.0_201\jre\bin\net.dll
0x00007ffa2f8a0000 - 0x00007ffa2fa76000 	C:\WINDOWS\SYSTEM32\urlmon.dll
0x00007ffa2f5f0000 - 0x00007ffa2f896000 	C:\WINDOWS\SYSTEM32\iertutil.dll
0x00007ffa38bf0000 - 0x00007ffa38bfc000 	C:\WINDOWS\SYSTEM32\CRYPTBASE.DLL
0x00007ffa38a20000 - 0x00007ffa38a87000 	C:\WINDOWS\system32\mswsock.dll
0x00007ffa33de0000 - 0x00007ffa33df1000 	C:\Program Files\Java\jdk1.8.0_201\jre\bin\nio.dll
0x00007ffa33e60000 - 0x00007ffa33e86000 	C:\Users\vgris\.gradle\native\29\windows-amd64\native-platform.dll
0x00007ffa34db0000 - 0x00007ffa34dbd000 	C:\Program Files\Java\jdk1.8.0_201\jre\bin\management.dll
0x00007ffa38590000 - 0x00007ffa385c3000 	C:\WINDOWS\system32\rsaenh.dll
0x00007ffa39be0000 - 0x00007ffa39c06000 	C:\WINDOWS\System32\bcrypt.dll
0x00007ffa390a0000 - 0x00007ffa390c5000 	C:\WINDOWS\SYSTEM32\USERENV.dll
0x00007ffa38730000 - 0x00007ffa3876a000 	C:\WINDOWS\SYSTEM32\IPHLPAPI.DLL
0x00007ffa3aa50000 - 0x00007ffa3aa58000 	C:\WINDOWS\System32\NSI.dll
0x00007ffa32280000 - 0x00007ffa32296000 	C:\WINDOWS\SYSTEM32\dhcpcsvc6.DLL
0x00007ffa32240000 - 0x00007ffa3225c000 	C:\WINDOWS\SYSTEM32\dhcpcsvc.DLL
0x00007ffa38770000 - 0x00007ffa3883a000 	C:\WINDOWS\SYSTEM32\DNSAPI.dll

VM Arguments:
jvm_args: -Xmx1536m -Dfile.encoding=windows-1251 -Duser.country=RU -Duser.language=ru -Duser.variant 
java_command: org.gradle.launcher.daemon.bootstrap.GradleDaemon 5.4.1
java_class_path (initial): C:\Users\vgris\.gradle\wrapper\dists\gradle-5.4.1-all\3221gyojl5jsh0helicew7rwx\gradle-5.4.1\lib\gradle-launcher-5.4.1.jar
Launcher Type: SUN_STANDARD

Environment Variables:
CLASSPATH=.;E:\Programs\IBM\java\db2java.zip;E:\Programs\IBM\java\db2jcc.jar;E:\Programs\IBM\java\sqlj.zip;E:\Programs\IBM\java\db2jcc_license_cu.jar;E:\Programs\IBM\bin;E:\Programs\IBM\java\common.jar
PATH=C:\Program Files (x86)\Embarcadero\Studio\20.0\bin;C:\Users\Public\Documents\Embarcadero\Studio\20.0\Bpl;C:\Program Files (x86)\Embarcadero\Studio\20.0\bin64;C:\Users\Public\Documents\Embarcadero\Studio\20.0\Bpl\Win64;C:\Program Files (x86)\Common Files\Oracle\Java\javapath;C:\WINDOWS\system32;C:\WINDOWS;C:\WINDOWS\System32\Wbem;C:\WINDOWS\System32\WindowsPowerShell\v1.0\;C:\WINDOWS\System32\OpenSSH\;C:\Program Files (x86)\ATI Technologies\ATI.ACE\Core-Static;C:\Program Files\dotnet\;C:\Program Files\Git\cmd;C:\Program Files\Java\jdk1.8.0_201\bin;C:\Program Files (x86)\AMD\ATI.ACE\Core-Static;D:\Games\Putty\;C:\Program Files\Intel\WiFi\bin\;C:\Program Files\Common Files\Intel\WirelessCommon\;C:\Program Files (x86)\Microsoft SQL Server\150\DTS\Binn\;C:\Program Files (x86)\GtkSharp\2.12\bin;C:\Program Files\ibm\gsk8\lib64;C:\Program Files (x86)\ibm\gsk8\lib;E:\Programs\IBM\BIN;E:\Programs\IBM\FUNCTION;E:\Programs\IBM\SAMPLES\REPL;C:\Program Files (x86)\Common Files\Acronis\SnapAPI\;C:\Users\vgris\AppData\Local\Programs\Python\Python37-32\Scripts\;C:\Users\vgris\AppData\Local\Programs\Python\Python37-32\;C:\Users\vgris\AppData\Local\Microsoft\WindowsApps;C:\Users\vgris\AppData\Local\atom\bin;C:\Users\vgris\AppData\Local\GitHubDesktop\bin;C:\Users\vgris\.dotnet\tools;D:\Games\IntelliJ IDEA\IntelliJ IDEA Community Edition 2018.3.4\bin;;C:\Program Files\Intel\WiFi\bin\;C:\Program Files\Common Files\Intel\WirelessCommon\;C:\Users\vgris\AppData\Local\Microsoft\WindowsApps;
USERNAME=vgris
OS=Windows_NT
PROCESSOR_IDENTIFIER=Intel64 Family 6 Model 60 Stepping 3, GenuineIntel



---------------  S Y S T E M  ---------------

OS: Windows 10.0 , 64 bit Build 18362 (10.0.18362.329)

CPU:total 4 (initial active 4) (2 cores per cpu, 2 threads per core) family 6 model 60 stepping 3, cmov, cx8, fxsr, mmx, sse, sse2, sse3, ssse3, sse4.1, sse4.2, popcnt, avx, avx2, aes, clmul, erms, lzcnt, ht, tsc, tscinvbit, bmi1, bmi2

Memory: 4k page, physical 8291792k(1646796k free), swap 8291792k(5860k free)

vm_info: Java HotSpot(TM) 64-Bit Server VM (25.201-b09) for windows-amd64 JRE (1.8.0_201-b09), built on Dec 15 2018 18:36:39 by "java_re" with MS VC++ 10.0 (VS2010)

time: Sat Jan 18 00:03:46 2020
timezone: Финляндия (зима)
elapsed time: 3801 seconds (0d 1h 3m 21s)

